<?xml version="1.0" encoding="UTF-8"?>
<testsuite xmlns:xsi="http://www.w3.org/2001/XMLSchema-instance" xsi:noNamespaceSchemaLocation="https://maven.apache.org/surefire/maven-surefire-plugin/xsd/surefire-test-report-3.0.xsd" version="3.0" name="freelanceplatform.services.ProposalServiceTest" time="3.971" tests="6" errors="0" skipped="0" failures="0">
  <properties>
[...]
</properties>
  <testcase name="testDeleteByIdNotFound" classname="freelanceplatform.services.ProposalServiceTest" time="0.022">
    <system-out><![CDATA[&amp#27;[2m2024-06-27T15:56:32.593+02:00&amp#27;[0;39m &amp#27;[32m INFO&amp#27;[0;39m &amp#27;[35m36935&amp#27;[0;39m &amp#27;[2m---&amp#27;[0;39m &amp#27;[2m[FreelancePlatform] [           main]&amp#27;[0;39m &amp#27;[2m&amp#27;[0;39m&amp#27;[36mt.c.s.AnnotationConfigContextLoaderUtils&amp#27;[0;39m &amp#27;[2m:&amp#27;[0;39m Could not detect default configuration classes for test class [freelanceplatform.services.ProposalServiceTest]: ProposalServiceTest does not declare any static, non-private, non-final, nested classes annotated with @Configuration.
&amp#27;[2m2024-06-27T15:56:32.594+02:00&amp#27;[0;39m &amp#27;[32m INFO&amp#27;[0;39m &amp#27;[35m36935&amp#27;[0;39m &amp#27;[2m---&amp#27;[0;39m &amp#27;[2m[FreelancePlatform] [           main]&amp#27;[0;39m &amp#27;[2m&amp#27;[0;39m&amp#27;[36m.b.t.c.SpringBootTestContextBootstrapper&amp#27;[0;39m &amp#27;[2m:&amp#27;[0;39m Found @SpringBootConfiguration freelanceplatform.FreelancePlatformApplication for test class freelanceplatform.services.ProposalServiceTest
&amp#27;[2m2024-06-27T15:56:32.595+02:00&amp#27;[0;39m &amp#27;[32m INFO&amp#27;[0;39m &amp#27;[35m36935&amp#27;[0;39m &amp#27;[2m---&amp#27;[0;39m &amp#27;[2m[FreelancePlatform] [           main]&amp#27;[0;39m &amp#27;[2m&amp#27;[0;39m&amp#27;[36mtc.postgres:16-alpine                   &amp#27;[0;39m &amp#27;[2m:&amp#27;[0;39m Creating container for image: postgres:16-alpine
&amp#27;[2m2024-06-27T15:56:32.620+02:00&amp#27;[0;39m &amp#27;[32m INFO&amp#27;[0;39m &amp#27;[35m36935&amp#27;[0;39m &amp#27;[2m---&amp#27;[0;39m &amp#27;[2m[FreelancePlatform] [           main]&amp#27;[0;39m &amp#27;[2m&amp#27;[0;39m&amp#27;[36mtc.postgres:16-alpine                   &amp#27;[0;39m &amp#27;[2m:&amp#27;[0;39m Container postgres:16-alpine is starting: 4f04f15678cb48543bfa04d883c2cfecdf64b4706a718d5ffc899959909c1bca
&amp#27;[2m2024-06-27T15:56:33.403+02:00&amp#27;[0;39m &amp#27;[32m INFO&amp#27;[0;39m &amp#27;[35m36935&amp#27;[0;39m &amp#27;[2m---&amp#27;[0;39m &amp#27;[2m[FreelancePlatform] [           main]&amp#27;[0;39m &amp#27;[2m&amp#27;[0;39m&amp#27;[36mtc.postgres:16-alpine                   &amp#27;[0;39m &amp#27;[2m:&amp#27;[0;39m Container postgres:16-alpine started in PT0.807819S
&amp#27;[2m2024-06-27T15:56:33.403+02:00&amp#27;[0;39m &amp#27;[32m INFO&amp#27;[0;39m &amp#27;[35m36935&amp#27;[0;39m &amp#27;[2m---&amp#27;[0;39m &amp#27;[2m[FreelancePlatform] [           main]&amp#27;[0;39m &amp#27;[2m&amp#27;[0;39m&amp#27;[36mtc.postgres:16-alpine                   &amp#27;[0;39m &amp#27;[2m:&amp#27;[0;39m Container is started (JDBC URL: jdbc:postgresql://localhost:59301/test?loggerLevel=OFF)
&amp#27;[2m2024-06-27T15:56:33.406+02:00&amp#27;[0;39m &amp#27;[32m INFO&amp#27;[0;39m &amp#27;[35m36935&amp#27;[0;39m &amp#27;[2m---&amp#27;[0;39m &amp#27;[2m[FreelancePlatform] [           main]&amp#27;[0;39m &amp#27;[2m&amp#27;[0;39m&amp#27;[36mo.s.b.d.r.RestartApplicationListener    &amp#27;[0;39m &amp#27;[2m:&amp#27;[0;39m Restart disabled due to context in which it is running

  .   ____          _            __ _ _
 /\\ / ___'_ __ _ _(_)_ __  __ _ \ \ \ \
( ( )\___ | '_ | '_| | '_ \/ _` | \ \ \ \
 \\/  ___)| |_)| | | | | || (_| |  ) ) ) )
  '  |____| .__|_| |_|_| |_\__, | / / / /
 =========|_|==============|___/=/_/_/_/
&amp#27;[32m :: Spring Boot :: &amp#27;[39m              &amp#27;[2m (v3.2.4)&amp#27;[0;39m

&amp#27;[2m2024-06-27T15:56:33.429+02:00&amp#27;[0;39m &amp#27;[32m INFO&amp#27;[0;39m &amp#27;[35m36935&amp#27;[0;39m &amp#27;[2m---&amp#27;[0;39m &amp#27;[2m[FreelancePlatform] [           main]&amp#27;[0;39m &amp#27;[2m&amp#27;[0;39m&amp#27;[36mf.services.ProposalServiceTest          &amp#27;[0;39m &amp#27;[2m:&amp#27;[0;39m Starting ProposalServiceTest using Java 22.0.1 with PID 36935 (started by stanislavkovalcuk in /Users/stanislavkovalcuk/test/FreelancePlatform)
&amp#27;[2m2024-06-27T15:56:33.429+02:00&amp#27;[0;39m &amp#27;[32m INFO&amp#27;[0;39m &amp#27;[35m36935&amp#27;[0;39m &amp#27;[2m---&amp#27;[0;39m &amp#27;[2m[FreelancePlatform] [           main]&amp#27;[0;39m &amp#27;[2m&amp#27;[0;39m&amp#27;[36mf.services.ProposalServiceTest          &amp#27;[0;39m &amp#27;[2m:&amp#27;[0;39m No active profile set, falling back to 1 default profile: "default"
&amp#27;[2m2024-06-27T15:56:33.508+02:00&amp#27;[0;39m &amp#27;[32m INFO&amp#27;[0;39m &amp#27;[35m36935&amp#27;[0;39m &amp#27;[2m---&amp#27;[0;39m &amp#27;[2m[FreelancePlatform] [           main]&amp#27;[0;39m &amp#27;[2m&amp#27;[0;39m&amp#27;[36m.s.d.r.c.RepositoryConfigurationDelegate&amp#27;[0;39m &amp#27;[2m:&amp#27;[0;39m Bootstrapping Spring Data JPA repositories in DEFAULT mode.
&amp#27;[2m2024-06-27T15:56:33.512+02:00&amp#27;[0;39m &amp#27;[32m INFO&amp#27;[0;39m &amp#27;[35m36935&amp#27;[0;39m &amp#27;[2m---&amp#27;[0;39m &amp#27;[2m[FreelancePlatform] [           main]&amp#27;[0;39m &amp#27;[2m&amp#27;[0;39m&amp#27;[36m.s.d.r.c.RepositoryConfigurationDelegate&amp#27;[0;39m &amp#27;[2m:&amp#27;[0;39m Finished Spring Data repository scanning in 4 ms. Found 6 JPA repository interfaces.
&amp#27;[2m2024-06-27T15:56:33.531+02:00&amp#27;[0;39m &amp#27;[32m INFO&amp#27;[0;39m &amp#27;[35m36935&amp#27;[0;39m &amp#27;[2m---&amp#27;[0;39m &amp#27;[2m[FreelancePlatform] [           main]&amp#27;[0;39m &amp#27;[2m&amp#27;[0;39m&amp#27;[36mc.h.i.config.AbstractConfigLocator      &amp#27;[0;39m &amp#27;[2m:&amp#27;[0;39m Loading 'hazelcast.yaml' from the classpath.
&amp#27;[2m2024-06-27T15:56:33.534+02:00&amp#27;[0;39m &amp#27;[32m INFO&amp#27;[0;39m &amp#27;[35m36935&amp#27;[0;39m &amp#27;[2m---&amp#27;[0;39m &amp#27;[2m[FreelancePlatform] [           main]&amp#27;[0;39m &amp#27;[2m&amp#27;[0;39m&amp#27;[36mcom.hazelcast.system.logo               &amp#27;[0;39m &amp#27;[2m:&amp#27;[0;39m [192.168.68.1]:5701 [dev] [5.3.6] 
	+       +  o    o     o     o---o o----o o      o---o     o     o----o o--o--o
	+ +   + +  |    |    / \       /  |      |     /         / \    |         |   
	+ + + + +  o----o   o   o     o   o----o |    o         o   o   o----o    |   
	+ +   + +  |    |  /     \   /    |      |     \       /     \       |    |   
	+       +  o    o o       o o---o o----o o----o o---o o       o o----o    o   
&amp#27;[2m2024-06-27T15:56:33.534+02:00&amp#27;[0;39m &amp#27;[32m INFO&amp#27;[0;39m &amp#27;[35m36935&amp#27;[0;39m &amp#27;[2m---&amp#27;[0;39m &amp#27;[2m[FreelancePlatform] [           main]&amp#27;[0;39m &amp#27;[2m&amp#27;[0;39m&amp#27;[36mcom.hazelcast.system                    &amp#27;[0;39m &amp#27;[2m:&amp#27;[0;39m [192.168.68.1]:5701 [dev] [5.3.6] Copyright (c) 2008-2023, Hazelcast, Inc. All Rights Reserved.
&amp#27;[2m2024-06-27T15:56:33.534+02:00&amp#27;[0;39m &amp#27;[32m INFO&amp#27;[0;39m &amp#27;[35m36935&amp#27;[0;39m &amp#27;[2m---&amp#27;[0;39m &amp#27;[2m[FreelancePlatform] [           main]&amp#27;[0;39m &amp#27;[2m&amp#27;[0;39m&amp#27;[36mcom.hazelcast.system                    &amp#27;[0;39m &amp#27;[2m:&amp#27;[0;39m [192.168.68.1]:5701 [dev] [5.3.6] Hazelcast Platform 5.3.6 (20231109 - 9903dc9) starting at [192.168.68.1]:5701
&amp#27;[2m2024-06-27T15:56:33.534+02:00&amp#27;[0;39m &amp#27;[32m INFO&amp#27;[0;39m &amp#27;[35m36935&amp#27;[0;39m &amp#27;[2m---&amp#27;[0;39m &amp#27;[2m[FreelancePlatform] [           main]&amp#27;[0;39m &amp#27;[2m&amp#27;[0;39m&amp#27;[36mcom.hazelcast.system                    &amp#27;[0;39m &amp#27;[2m:&amp#27;[0;39m [192.168.68.1]:5701 [dev] [5.3.6] Cluster name: dev
&amp#27;[2m2024-06-27T15:56:33.534+02:00&amp#27;[0;39m &amp#27;[32m INFO&amp#27;[0;39m &amp#27;[35m36935&amp#27;[0;39m &amp#27;[2m---&amp#27;[0;39m &amp#27;[2m[FreelancePlatform] [           main]&amp#27;[0;39m &amp#27;[2m&amp#27;[0;39m&amp#27;[36mcom.hazelcast.system                    &amp#27;[0;39m &amp#27;[2m:&amp#27;[0;39m [192.168.68.1]:5701 [dev] [5.3.6] Integrity Checker is disabled. Fail-fast on corrupted executables will not be performed. For more information, see the documentation for Integrity Checker.
&amp#27;[2m2024-06-27T15:56:33.534+02:00&amp#27;[0;39m &amp#27;[32m INFO&amp#27;[0;39m &amp#27;[35m36935&amp#27;[0;39m &amp#27;[2m---&amp#27;[0;39m &amp#27;[2m[FreelancePlatform] [           main]&amp#27;[0;39m &amp#27;[2m&amp#27;[0;39m&amp#27;[36mcom.hazelcast.system                    &amp#27;[0;39m &amp#27;[2m:&amp#27;[0;39m [192.168.68.1]:5701 [dev] [5.3.6] The Jet engine is disabled.
To enable the Jet engine on the members, do one of the following:
  - Change member config using Java API: config.getJetConfig().setEnabled(true)
  - Change XML/YAML configuration property: Set hazelcast.jet.enabled to true
  - Add system property: -Dhz.jet.enabled=true (for Hazelcast embedded, works only when loading config via Config.load)
  - Add environment variable: HZ_JET_ENABLED=true (recommended when running container image. For Hazelcast embedded, works only when loading config via Config.load)
&amp#27;[2m2024-06-27T15:56:33.535+02:00&amp#27;[0;39m &amp#27;[32m INFO&amp#27;[0;39m &amp#27;[35m36935&amp#27;[0;39m &amp#27;[2m---&amp#27;[0;39m &amp#27;[2m[FreelancePlatform] [           main]&amp#27;[0;39m &amp#27;[2m&amp#27;[0;39m&amp#27;[36mc.h.internal.tpc.TpcServerBootstrap     &amp#27;[0;39m &amp#27;[2m:&amp#27;[0;39m [192.168.68.1]:5701 [dev] [5.3.6] TPC: disabled
&amp#27;[2m2024-06-27T15:56:33.556+02:00&amp#27;[0;39m &amp#27;[32m INFO&amp#27;[0;39m &amp#27;[35m36935&amp#27;[0;39m &amp#27;[2m---&amp#27;[0;39m &amp#27;[2m[FreelancePlatform] [           main]&amp#27;[0;39m &amp#27;[2m&amp#27;[0;39m&amp#27;[36mcom.hazelcast.system.security           &amp#27;[0;39m &amp#27;[2m:&amp#27;[0;39m [192.168.68.1]:5701 [dev] [5.3.6] Enable DEBUG/FINE log level for log category com.hazelcast.system.security  or use -Dhazelcast.security.recommendations system property to see 🔒 security recommendations and the status of current config.
&amp#27;[2m2024-06-27T15:56:33.557+02:00&amp#27;[0;39m &amp#27;[32m INFO&amp#27;[0;39m &amp#27;[35m36935&amp#27;[0;39m &amp#27;[2m---&amp#27;[0;39m &amp#27;[2m[FreelancePlatform] [           main]&amp#27;[0;39m &amp#27;[2m&amp#27;[0;39m&amp#27;[36mcom.hazelcast.instance.impl.Node        &amp#27;[0;39m &amp#27;[2m:&amp#27;[0;39m [192.168.68.1]:5701 [dev] [5.3.6] Using Multicast discovery
&amp#27;[2m2024-06-27T15:56:33.557+02:00&amp#27;[0;39m &amp#27;[33m WARN&amp#27;[0;39m &amp#27;[35m36935&amp#27;[0;39m &amp#27;[2m---&amp#27;[0;39m &amp#27;[2m[FreelancePlatform] [           main]&amp#27;[0;39m &amp#27;[2m&amp#27;[0;39m&amp#27;[36mcom.hazelcast.cp.CPSubsystem            &amp#27;[0;39m &amp#27;[2m:&amp#27;[0;39m [192.168.68.1]:5701 [dev] [5.3.6] CP Subsystem is not enabled. CP data structures will operate in UNSAFE mode! Please note that UNSAFE mode will not provide strong consistency guarantees.
&amp#27;[2m2024-06-27T15:56:33.560+02:00&amp#27;[0;39m &amp#27;[32m INFO&amp#27;[0;39m &amp#27;[35m36935&amp#27;[0;39m &amp#27;[2m---&amp#27;[0;39m &amp#27;[2m[FreelancePlatform] [           main]&amp#27;[0;39m &amp#27;[2m&amp#27;[0;39m&amp#27;[36mc.h.internal.diagnostics.Diagnostics    &amp#27;[0;39m &amp#27;[2m:&amp#27;[0;39m [192.168.68.1]:5701 [dev] [5.3.6] Diagnostics disabled. To enable add -Dhazelcast.diagnostics.enabled=true to the JVM arguments.
&amp#27;[2m2024-06-27T15:56:33.560+02:00&amp#27;[0;39m &amp#27;[32m INFO&amp#27;[0;39m &amp#27;[35m36935&amp#27;[0;39m &amp#27;[2m---&amp#27;[0;39m &amp#27;[2m[FreelancePlatform] [           main]&amp#27;[0;39m &amp#27;[2m&amp#27;[0;39m&amp#27;[36mcom.hazelcast.core.LifecycleService     &amp#27;[0;39m &amp#27;[2m:&amp#27;[0;39m [192.168.68.1]:5701 [dev] [5.3.6] [192.168.68.1]:5701 is STARTING
&amp#27;[2m2024-06-27T15:56:35.666+02:00&amp#27;[0;39m &amp#27;[32m INFO&amp#27;[0;39m &amp#27;[35m36935&amp#27;[0;39m &amp#27;[2m---&amp#27;[0;39m &amp#27;[2m[FreelancePlatform] [           main]&amp#27;[0;39m &amp#27;[2m&amp#27;[0;39m&amp#27;[36mc.h.internal.cluster.ClusterService     &amp#27;[0;39m &amp#27;[2m:&amp#27;[0;39m [192.168.68.1]:5701 [dev] [5.3.6] 

Members {size:1, ver:1} [
	Member [192.168.68.1]:5701 - d1bf48cc-1f4d-44a6-adf6-3b94f641c715 this
]

&amp#27;[2m2024-06-27T15:56:35.667+02:00&amp#27;[0;39m &amp#27;[32m INFO&amp#27;[0;39m &amp#27;[35m36935&amp#27;[0;39m &amp#27;[2m---&amp#27;[0;39m &amp#27;[2m[FreelancePlatform] [           main]&amp#27;[0;39m &amp#27;[2m&amp#27;[0;39m&amp#27;[36mcom.hazelcast.core.LifecycleService     &amp#27;[0;39m &amp#27;[2m:&amp#27;[0;39m [192.168.68.1]:5701 [dev] [5.3.6] [192.168.68.1]:5701 is STARTED
&amp#27;[2m2024-06-27T15:56:35.699+02:00&amp#27;[0;39m &amp#27;[32m INFO&amp#27;[0;39m &amp#27;[35m36935&amp#27;[0;39m &amp#27;[2m---&amp#27;[0;39m &amp#27;[2m[FreelancePlatform] [           main]&amp#27;[0;39m &amp#27;[2m&amp#27;[0;39m&amp#27;[36mcom.zaxxer.hikari.HikariDataSource      &amp#27;[0;39m &amp#27;[2m:&amp#27;[0;39m HikariPool-8 - Starting...
&amp#27;[2m2024-06-27T15:56:35.726+02:00&amp#27;[0;39m &amp#27;[32m INFO&amp#27;[0;39m &amp#27;[35m36935&amp#27;[0;39m &amp#27;[2m---&amp#27;[0;39m &amp#27;[2m[FreelancePlatform] [           main]&amp#27;[0;39m &amp#27;[2m&amp#27;[0;39m&amp#27;[36mcom.zaxxer.hikari.pool.HikariPool       &amp#27;[0;39m &amp#27;[2m:&amp#27;[0;39m HikariPool-8 - Added connection org.postgresql.jdbc.PgConnection@da61384
&amp#27;[2m2024-06-27T15:56:35.726+02:00&amp#27;[0;39m &amp#27;[32m INFO&amp#27;[0;39m &amp#27;[35m36935&amp#27;[0;39m &amp#27;[2m---&amp#27;[0;39m &amp#27;[2m[FreelancePlatform] [           main]&amp#27;[0;39m &amp#27;[2m&amp#27;[0;39m&amp#27;[36mcom.zaxxer.hikari.HikariDataSource      &amp#27;[0;39m &amp#27;[2m:&amp#27;[0;39m HikariPool-8 - Start completed.
&amp#27;[2m2024-06-27T15:56:35.736+02:00&amp#27;[0;39m &amp#27;[32m INFO&amp#27;[0;39m &amp#27;[35m36935&amp#27;[0;39m &amp#27;[2m---&amp#27;[0;39m &amp#27;[2m[FreelancePlatform] [           main]&amp#27;[0;39m &amp#27;[2m&amp#27;[0;39m&amp#27;[36mliquibase.database                      &amp#27;[0;39m &amp#27;[2m:&amp#27;[0;39m Set default schema name to public
&amp#27;[2m2024-06-27T15:56:35.751+02:00&amp#27;[0;39m &amp#27;[32m INFO&amp#27;[0;39m &amp#27;[35m36935&amp#27;[0;39m &amp#27;[2m---&amp#27;[0;39m &amp#27;[2m[FreelancePlatform] [           main]&amp#27;[0;39m &amp#27;[2m&amp#27;[0;39m&amp#27;[36mliquibase.changelog                     &amp#27;[0;39m &amp#27;[2m:&amp#27;[0;39m Creating database history table with name: public.databasechangelog
&amp#27;[2m2024-06-27T15:56:35.758+02:00&amp#27;[0;39m &amp#27;[32m INFO&amp#27;[0;39m &amp#27;[35m36935&amp#27;[0;39m &amp#27;[2m---&amp#27;[0;39m &amp#27;[2m[FreelancePlatform] [           main]&amp#27;[0;39m &amp#27;[2m&amp#27;[0;39m&amp#27;[36mliquibase.changelog                     &amp#27;[0;39m &amp#27;[2m:&amp#27;[0;39m Reading from public.databasechangelog
&amp#27;[2m2024-06-27T15:56:35.905+02:00&amp#27;[0;39m &amp#27;[32m INFO&amp#27;[0;39m &amp#27;[35m36935&amp#27;[0;39m &amp#27;[2m---&amp#27;[0;39m &amp#27;[2m[FreelancePlatform] [           main]&amp#27;[0;39m &amp#27;[2m&amp#27;[0;39m&amp#27;[36mliquibase.lockservice                   &amp#27;[0;39m &amp#27;[2m:&amp#27;[0;39m Successfully acquired change log lock
&amp#27;[2m2024-06-27T15:56:35.907+02:00&amp#27;[0;39m &amp#27;[32m INFO&amp#27;[0;39m &amp#27;[35m36935&amp#27;[0;39m &amp#27;[2m---&amp#27;[0;39m &amp#27;[2m[FreelancePlatform] [           main]&amp#27;[0;39m &amp#27;[2m&amp#27;[0;39m&amp#27;[36mliquibase.command                       &amp#27;[0;39m &amp#27;[2m:&amp#27;[0;39m Using deploymentId: 9496595907
&amp#27;[2m2024-06-27T15:56:35.908+02:00&amp#27;[0;39m &amp#27;[32m INFO&amp#27;[0;39m &amp#27;[35m36935&amp#27;[0;39m &amp#27;[2m---&amp#27;[0;39m &amp#27;[2m[FreelancePlatform] [           main]&amp#27;[0;39m &amp#27;[2m&amp#27;[0;39m&amp#27;[36mliquibase.changelog                     &amp#27;[0;39m &amp#27;[2m:&amp#27;[0;39m Reading from public.databasechangelog
Running Changeset: db/changelog/db.changelog-1.0.sql::raw::includeAll
&amp#27;[2m2024-06-27T15:56:35.952+02:00&amp#27;[0;39m &amp#27;[32m INFO&amp#27;[0;39m &amp#27;[35m36935&amp#27;[0;39m &amp#27;[2m---&amp#27;[0;39m &amp#27;[2m[FreelancePlatform] [           main]&amp#27;[0;39m &amp#27;[2m&amp#27;[0;39m&amp#27;[36mliquibase.changelog                     &amp#27;[0;39m &amp#27;[2m:&amp#27;[0;39m Custom SQL executed
&amp#27;[2m2024-06-27T15:56:35.953+02:00&amp#27;[0;39m &amp#27;[32m INFO&amp#27;[0;39m &amp#27;[35m36935&amp#27;[0;39m &amp#27;[2m---&amp#27;[0;39m &amp#27;[2m[FreelancePlatform] [           main]&amp#27;[0;39m &amp#27;[2m&amp#27;[0;39m&amp#27;[36mliquibase.changelog                     &amp#27;[0;39m &amp#27;[2m:&amp#27;[0;39m ChangeSet db/changelog/db.changelog-1.0.sql::raw::includeAll ran successfully in 37ms
Running Changeset: db/changelog/db.changelog-1.1.sql::raw::includeAll
&amp#27;[2m2024-06-27T15:56:35.967+02:00&amp#27;[0;39m &amp#27;[32m INFO&amp#27;[0;39m &amp#27;[35m36935&amp#27;[0;39m &amp#27;[2m---&amp#27;[0;39m &amp#27;[2m[FreelancePlatform] [           main]&amp#27;[0;39m &amp#27;[2m&amp#27;[0;39m&amp#27;[36mliquibase.changelog                     &amp#27;[0;39m &amp#27;[2m:&amp#27;[0;39m Custom SQL executed
&amp#27;[2m2024-06-27T15:56:35.967+02:00&amp#27;[0;39m &amp#27;[32m INFO&amp#27;[0;39m &amp#27;[35m36935&amp#27;[0;39m &amp#27;[2m---&amp#27;[0;39m &amp#27;[2m[FreelancePlatform] [           main]&amp#27;[0;39m &amp#27;[2m&amp#27;[0;39m&amp#27;[36mliquibase.changelog                     &amp#27;[0;39m &amp#27;[2m:&amp#27;[0;39m ChangeSet db/changelog/db.changelog-1.1.sql::raw::includeAll ran successfully in 7ms
Running Changeset: db/changelog/db.changelog-2.0.sql::raw::includeAll
&amp#27;[2m2024-06-27T15:56:35.974+02:00&amp#27;[0;39m &amp#27;[32m INFO&amp#27;[0;39m &amp#27;[35m36935&amp#27;[0;39m &amp#27;[2m---&amp#27;[0;39m &amp#27;[2m[FreelancePlatform] [           main]&amp#27;[0;39m &amp#27;[2m&amp#27;[0;39m&amp#27;[36mliquibase.changelog                     &amp#27;[0;39m &amp#27;[2m:&amp#27;[0;39m Custom SQL executed
&amp#27;[2m2024-06-27T15:56:35.975+02:00&amp#27;[0;39m &amp#27;[32m INFO&amp#27;[0;39m &amp#27;[35m36935&amp#27;[0;39m &amp#27;[2m---&amp#27;[0;39m &amp#27;[2m[FreelancePlatform] [           main]&amp#27;[0;39m &amp#27;[2m&amp#27;[0;39m&amp#27;[36mliquibase.changelog                     &amp#27;[0;39m &amp#27;[2m:&amp#27;[0;39m ChangeSet db/changelog/db.changelog-2.0.sql::raw::includeAll ran successfully in 3ms
&amp#27;[2m2024-06-27T15:56:35.986+02:00&amp#27;[0;39m &amp#27;[32m INFO&amp#27;[0;39m &amp#27;[35m36935&amp#27;[0;39m &amp#27;[2m---&amp#27;[0;39m &amp#27;[2m[FreelancePlatform] [           main]&amp#27;[0;39m &amp#27;[2m&amp#27;[0;39m&amp#27;[36mliquibase.util                          &amp#27;[0;39m &amp#27;[2m:&amp#27;[0;39m UPDATE SUMMARY
&amp#27;[2m2024-06-27T15:56:35.986+02:00&amp#27;[0;39m &amp#27;[32m INFO&amp#27;[0;39m &amp#27;[35m36935&amp#27;[0;39m &amp#27;[2m---&amp#27;[0;39m &amp#27;[2m[FreelancePlatform] [           main]&amp#27;[0;39m &amp#27;[2m&amp#27;[0;39m&amp#27;[36mliquibase.util                          &amp#27;[0;39m &amp#27;[2m:&amp#27;[0;39m Run:                          3
&amp#27;[2m2024-06-27T15:56:35.986+02:00&amp#27;[0;39m &amp#27;[32m INFO&amp#27;[0;39m &amp#27;[35m36935&amp#27;[0;39m &amp#27;[2m---&amp#27;[0;39m &amp#27;[2m[FreelancePlatform] [           main]&amp#27;[0;39m &amp#27;[2m&amp#27;[0;39m&amp#27;[36mliquibase.util                          &amp#27;[0;39m &amp#27;[2m:&amp#27;[0;39m Previously run:               0
&amp#27;[2m2024-06-27T15:56:35.986+02:00&amp#27;[0;39m &amp#27;[32m INFO&amp#27;[0;39m &amp#27;[35m36935&amp#27;[0;39m &amp#27;[2m---&amp#27;[0;39m &amp#27;[2m[FreelancePlatform] [           main]&amp#27;[0;39m &amp#27;[2m&amp#27;[0;39m&amp#27;[36mliquibase.util                          &amp#27;[0;39m &amp#27;[2m:&amp#27;[0;39m Filtered out:                 0
&amp#27;[2m2024-06-27T15:56:35.986+02:00&amp#27;[0;39m &amp#27;[32m INFO&amp#27;[0;39m &amp#27;[35m36935&amp#27;[0;39m &amp#27;[2m---&amp#27;[0;39m &amp#27;[2m[FreelancePlatform] [           main]&amp#27;[0;39m &amp#27;[2m&amp#27;[0;39m&amp#27;[36mliquibase.util                          &amp#27;[0;39m &amp#27;[2m:&amp#27;[0;39m -------------------------------
&amp#27;[2m2024-06-27T15:56:35.986+02:00&amp#27;[0;39m &amp#27;[32m INFO&amp#27;[0;39m &amp#27;[35m36935&amp#27;[0;39m &amp#27;[2m---&amp#27;[0;39m &amp#27;[2m[FreelancePlatform] [           main]&amp#27;[0;39m &amp#27;[2m&amp#27;[0;39m&amp#27;[36mliquibase.util                          &amp#27;[0;39m &amp#27;[2m:&amp#27;[0;39m Total change sets:            3
&amp#27;[2m2024-06-27T15:56:35.986+02:00&amp#27;[0;39m &amp#27;[32m INFO&amp#27;[0;39m &amp#27;[35m36935&amp#27;[0;39m &amp#27;[2m---&amp#27;[0;39m &amp#27;[2m[FreelancePlatform] [           main]&amp#27;[0;39m &amp#27;[2m&amp#27;[0;39m&amp#27;[36mliquibase.util                          &amp#27;[0;39m &amp#27;[2m:&amp#27;[0;39m Update summary generated
&amp#27;[2m2024-06-27T15:56:35.987+02:00&amp#27;[0;39m &amp#27;[32m INFO&amp#27;[0;39m &amp#27;[35m36935&amp#27;[0;39m &amp#27;[2m---&amp#27;[0;39m &amp#27;[2m[FreelancePlatform] [           main]&amp#27;[0;39m &amp#27;[2m&amp#27;[0;39m&amp#27;[36mliquibase.command                       &amp#27;[0;39m &amp#27;[2m:&amp#27;[0;39m Update command completed successfully.
Liquibase: Update has been successful. Rows affected: 16
&amp#27;[2m2024-06-27T15:56:35.992+02:00&amp#27;[0;39m &amp#27;[32m INFO&amp#27;[0;39m &amp#27;[35m36935&amp#27;[0;39m &amp#27;[2m---&amp#27;[0;39m &amp#27;[2m[FreelancePlatform] [           main]&amp#27;[0;39m &amp#27;[2m&amp#27;[0;39m&amp#27;[36mliquibase.lockservice                   &amp#27;[0;39m &amp#27;[2m:&amp#27;[0;39m Successfully released change log lock
&amp#27;[2m2024-06-27T15:56:35.993+02:00&amp#27;[0;39m &amp#27;[32m INFO&amp#27;[0;39m &amp#27;[35m36935&amp#27;[0;39m &amp#27;[2m---&amp#27;[0;39m &amp#27;[2m[FreelancePlatform] [           main]&amp#27;[0;39m &amp#27;[2m&amp#27;[0;39m&amp#27;[36mliquibase.command                       &amp#27;[0;39m &amp#27;[2m:&amp#27;[0;39m Command execution complete
&amp#27;[2m2024-06-27T15:56:36.017+02:00&amp#27;[0;39m &amp#27;[32m INFO&amp#27;[0;39m &amp#27;[35m36935&amp#27;[0;39m &amp#27;[2m---&amp#27;[0;39m &amp#27;[2m[FreelancePlatform] [           main]&amp#27;[0;39m &amp#27;[2m&amp#27;[0;39m&amp#27;[36mo.hibernate.jpa.internal.util.LogHelper &amp#27;[0;39m &amp#27;[2m:&amp#27;[0;39m HHH000204: Processing PersistenceUnitInfo [name: default]
&amp#27;[2m2024-06-27T15:56:36.018+02:00&amp#27;[0;39m &amp#27;[32m INFO&amp#27;[0;39m &amp#27;[35m36935&amp#27;[0;39m &amp#27;[2m---&amp#27;[0;39m &amp#27;[2m[FreelancePlatform] [           main]&amp#27;[0;39m &amp#27;[2m&amp#27;[0;39m&amp#27;[36mo.h.c.internal.RegionFactoryInitiator   &amp#27;[0;39m &amp#27;[2m:&amp#27;[0;39m HHH000026: Second-level cache disabled
&amp#27;[2m2024-06-27T15:56:36.020+02:00&amp#27;[0;39m &amp#27;[32m INFO&amp#27;[0;39m &amp#27;[35m36935&amp#27;[0;39m &amp#27;[2m---&amp#27;[0;39m &amp#27;[2m[FreelancePlatform] [           main]&amp#27;[0;39m &amp#27;[2m&amp#27;[0;39m&amp#27;[36mo.s.o.j.p.SpringPersistenceUnitInfo     &amp#27;[0;39m &amp#27;[2m:&amp#27;[0;39m No LoadTimeWeaver setup: ignoring JPA class transformer
&amp#27;[2m2024-06-27T15:56:36.098+02:00&amp#27;[0;39m &amp#27;[32m INFO&amp#27;[0;39m &amp#27;[35m36935&amp#27;[0;39m &amp#27;[2m---&amp#27;[0;39m &amp#27;[2m[FreelancePlatform] [           main]&amp#27;[0;39m &amp#27;[2m&amp#27;[0;39m&amp#27;[36mo.h.e.t.j.p.i.JtaPlatformInitiator      &amp#27;[0;39m &amp#27;[2m:&amp#27;[0;39m HHH000489: No JTA platform available (set 'hibernate.transaction.jta.platform' to enable JTA platform integration)
&amp#27;[2m2024-06-27T15:56:36.107+02:00&amp#27;[0;39m &amp#27;[32m INFO&amp#27;[0;39m &amp#27;[35m36935&amp#27;[0;39m &amp#27;[2m---&amp#27;[0;39m &amp#27;[2m[FreelancePlatform] [           main]&amp#27;[0;39m &amp#27;[2m&amp#27;[0;39m&amp#27;[36mj.LocalContainerEntityManagerFactoryBean&amp#27;[0;39m &amp#27;[2m:&amp#27;[0;39m Initialized JPA EntityManagerFactory for persistence unit 'default'
&amp#27;[2m2024-06-27T15:56:36.179+02:00&amp#27;[0;39m &amp#27;[33m WARN&amp#27;[0;39m &amp#27;[35m36935&amp#27;[0;39m &amp#27;[2m---&amp#27;[0;39m &amp#27;[2m[FreelancePlatform] [           main]&amp#27;[0;39m &amp#27;[2m&amp#27;[0;39m&amp#27;[36mJpaBaseConfiguration$JpaWebConfiguration&amp#27;[0;39m &amp#27;[2m:&amp#27;[0;39m spring.jpa.open-in-view is enabled by default. Therefore, database queries may be performed during view rendering. Explicitly configure spring.jpa.open-in-view to disable this warning
&amp#27;[2m2024-06-27T15:56:36.206+02:00&amp#27;[0;39m &amp#27;[32m INFO&amp#27;[0;39m &amp#27;[35m36935&amp#27;[0;39m &amp#27;[2m---&amp#27;[0;39m &amp#27;[2m[FreelancePlatform] [           main]&amp#27;[0;39m &amp#27;[2m&amp#27;[0;39m&amp#27;[36mo.s.s.web.DefaultSecurityFilterChain    &amp#27;[0;39m &amp#27;[2m:&amp#27;[0;39m Will secure any request with [org.springframework.security.web.session.DisableEncodeUrlFilter@60db5d59, org.springframework.security.web.context.request.async.WebAsyncManagerIntegrationFilter@74b31d9d, org.springframework.security.web.context.SecurityContextHolderFilter@25cd99e5, org.springframework.security.web.header.HeaderWriterFilter@18e8e451, org.springframework.web.filter.CorsFilter@fb269af, org.springframework.security.web.authentication.logout.LogoutFilter@32695df5, org.springframework.security.web.authentication.UsernamePasswordAuthenticationFilter@7a0143eb, org.springframework.security.web.authentication.www.BasicAuthenticationFilter@27f20a4, org.springframework.security.web.savedrequest.RequestCacheAwareFilter@7cc7dc3f, org.springframework.security.web.servletapi.SecurityContextHolderAwareRequestFilter@2437537e, org.springframework.security.web.authentication.AnonymousAuthenticationFilter@7fdc6da9, org.springframework.security.web.access.ExceptionTranslationFilter@25afa0f1, org.springframework.security.web.access.intercept.AuthorizationFilter@6e3f587f]
&amp#27;[2m2024-06-27T15:56:36.255+02:00&amp#27;[0;39m &amp#27;[32m INFO&amp#27;[0;39m &amp#27;[35m36935&amp#27;[0;39m &amp#27;[2m---&amp#27;[0;39m &amp#27;[2m[FreelancePlatform] [           main]&amp#27;[0;39m &amp#27;[2m&amp#27;[0;39m&amp#27;[36mo.s.b.t.m.w.SpringBootMockServletContext&amp#27;[0;39m &amp#27;[2m:&amp#27;[0;39m Initializing Spring TestDispatcherServlet ''
&amp#27;[2m2024-06-27T15:56:36.255+02:00&amp#27;[0;39m &amp#27;[32m INFO&amp#27;[0;39m &amp#27;[35m36935&amp#27;[0;39m &amp#27;[2m---&amp#27;[0;39m &amp#27;[2m[FreelancePlatform] [           main]&amp#27;[0;39m &amp#27;[2m&amp#27;[0;39m&amp#27;[36mo.s.t.web.servlet.TestDispatcherServlet &amp#27;[0;39m &amp#27;[2m:&amp#27;[0;39m Initializing Servlet ''
&amp#27;[2m2024-06-27T15:56:36.256+02:00&amp#27;[0;39m &amp#27;[32m INFO&amp#27;[0;39m &amp#27;[35m36935&amp#27;[0;39m &amp#27;[2m---&amp#27;[0;39m &amp#27;[2m[FreelancePlatform] [           main]&amp#27;[0;39m &amp#27;[2m&amp#27;[0;39m&amp#27;[36mo.s.t.web.servlet.TestDispatcherServlet &amp#27;[0;39m &amp#27;[2m:&amp#27;[0;39m Completed initialization in 1 ms
&amp#27;[2m2024-06-27T15:56:36.258+02:00&amp#27;[0;39m &amp#27;[32m INFO&amp#27;[0;39m &amp#27;[35m36935&amp#27;[0;39m &amp#27;[2m---&amp#27;[0;39m &amp#27;[2m[FreelancePlatform] [           main]&amp#27;[0;39m &amp#27;[2m&amp#27;[0;39m&amp#27;[36mo.a.k.clients.admin.AdminClientConfig   &amp#27;[0;39m &amp#27;[2m:&amp#27;[0;39m AdminClientConfig values: 
	auto.include.jmx.reporter = true
	bootstrap.servers = [localhost:9092]
	client.dns.lookup = use_all_dns_ips
	client.id = 
	connections.max.idle.ms = 300000
	default.api.timeout.ms = 60000
	metadata.max.age.ms = 300000
	metric.reporters = []
	metrics.num.samples = 2
	metrics.recording.level = INFO
	metrics.sample.window.ms = 30000
	receive.buffer.bytes = 65536
	reconnect.backoff.max.ms = 1000
	reconnect.backoff.ms = 50
	request.timeout.ms = 30000
	retries = 2147483647
	retry.backoff.ms = 100
	sasl.client.callback.handler.class = null
	sasl.jaas.config = null
	sasl.kerberos.kinit.cmd = /usr/bin/kinit
	sasl.kerberos.min.time.before.relogin = 60000
	sasl.kerberos.service.name = null
	sasl.kerberos.ticket.renew.jitter = 0.05
	sasl.kerberos.ticket.renew.window.factor = 0.8
	sasl.login.callback.handler.class = null
	sasl.login.class = null
	sasl.login.connect.timeout.ms = null
	sasl.login.read.timeout.ms = null
	sasl.login.refresh.buffer.seconds = 300
	sasl.login.refresh.min.period.seconds = 60
	sasl.login.refresh.window.factor = 0.8
	sasl.login.refresh.window.jitter = 0.05
	sasl.login.retry.backoff.max.ms = 10000
	sasl.login.retry.backoff.ms = 100
	sasl.mechanism = GSSAPI
	sasl.oauthbearer.clock.skew.seconds = 30
	sasl.oauthbearer.expected.audience = null
	sasl.oauthbearer.expected.issuer = null
	sasl.oauthbearer.jwks.endpoint.refresh.ms = 3600000
	sasl.oauthbearer.jwks.endpoint.retry.backoff.max.ms = 10000
	sasl.oauthbearer.jwks.endpoint.retry.backoff.ms = 100
	sasl.oauthbearer.jwks.endpoint.url = null
	sasl.oauthbearer.scope.claim.name = scope
	sasl.oauthbearer.sub.claim.name = sub
	sasl.oauthbearer.token.endpoint.url = null
	security.protocol = PLAINTEXT
	security.providers = null
	send.buffer.bytes = 131072
	socket.connection.setup.timeout.max.ms = 30000
	socket.connection.setup.timeout.ms = 10000
	ssl.cipher.suites = null
	ssl.enabled.protocols = [TLSv1.2, TLSv1.3]
	ssl.endpoint.identification.algorithm = https
	ssl.engine.factory.class = null
	ssl.key.password = null
	ssl.keymanager.algorithm = SunX509
	ssl.keystore.certificate.chain = null
	ssl.keystore.key = null
	ssl.keystore.location = null
	ssl.keystore.password = null
	ssl.keystore.type = JKS
	ssl.protocol = TLSv1.3
	ssl.provider = null
	ssl.secure.random.implementation = null
	ssl.trustmanager.algorithm = PKIX
	ssl.truststore.certificates = null
	ssl.truststore.location = null
	ssl.truststore.password = null
	ssl.truststore.type = JKS

&amp#27;[2m2024-06-27T15:56:36.259+02:00&amp#27;[0;39m &amp#27;[32m INFO&amp#27;[0;39m &amp#27;[35m36935&amp#27;[0;39m &amp#27;[2m---&amp#27;[0;39m &amp#27;[2m[FreelancePlatform] [           main]&amp#27;[0;39m &amp#27;[2m&amp#27;[0;39m&amp#27;[36mo.a.kafka.common.utils.AppInfoParser    &amp#27;[0;39m &amp#27;[2m:&amp#27;[0;39m Kafka version: 3.6.1
&amp#27;[2m2024-06-27T15:56:36.259+02:00&amp#27;[0;39m &amp#27;[32m INFO&amp#27;[0;39m &amp#27;[35m36935&amp#27;[0;39m &amp#27;[2m---&amp#27;[0;39m &amp#27;[2m[FreelancePlatform] [           main]&amp#27;[0;39m &amp#27;[2m&amp#27;[0;39m&amp#27;[36mo.a.kafka.common.utils.AppInfoParser    &amp#27;[0;39m &amp#27;[2m:&amp#27;[0;39m Kafka commitId: 5e3c2b738d253ff5
&amp#27;[2m2024-06-27T15:56:36.259+02:00&amp#27;[0;39m &amp#27;[32m INFO&amp#27;[0;39m &amp#27;[35m36935&amp#27;[0;39m &amp#27;[2m---&amp#27;[0;39m &amp#27;[2m[FreelancePlatform] [           main]&amp#27;[0;39m &amp#27;[2m&amp#27;[0;39m&amp#27;[36mo.a.kafka.common.utils.AppInfoParser    &amp#27;[0;39m &amp#27;[2m:&amp#27;[0;39m Kafka startTimeMs: 1719496596259
&amp#27;[2m2024-06-27T15:56:36.279+02:00&amp#27;[0;39m &amp#27;[32m INFO&amp#27;[0;39m &amp#27;[35m36935&amp#27;[0;39m &amp#27;[2m---&amp#27;[0;39m &amp#27;[2m[FreelancePlatform] [| adminclient-8]&amp#27;[0;39m &amp#27;[2m&amp#27;[0;39m&amp#27;[36mo.a.kafka.common.utils.AppInfoParser    &amp#27;[0;39m &amp#27;[2m:&amp#27;[0;39m App info kafka.admin.client for adminclient-8 unregistered
&amp#27;[2m2024-06-27T15:56:36.279+02:00&amp#27;[0;39m &amp#27;[32m INFO&amp#27;[0;39m &amp#27;[35m36935&amp#27;[0;39m &amp#27;[2m---&amp#27;[0;39m &amp#27;[2m[FreelancePlatform] [| adminclient-8]&amp#27;[0;39m &amp#27;[2m&amp#27;[0;39m&amp#27;[36mo.apache.kafka.common.metrics.Metrics   &amp#27;[0;39m &amp#27;[2m:&amp#27;[0;39m Metrics scheduler closed
&amp#27;[2m2024-06-27T15:56:36.279+02:00&amp#27;[0;39m &amp#27;[32m INFO&amp#27;[0;39m &amp#27;[35m36935&amp#27;[0;39m &amp#27;[2m---&amp#27;[0;39m &amp#27;[2m[FreelancePlatform] [| adminclient-8]&amp#27;[0;39m &amp#27;[2m&amp#27;[0;39m&amp#27;[36mo.apache.kafka.common.metrics.Metrics   &amp#27;[0;39m &amp#27;[2m:&amp#27;[0;39m Closing reporter org.apache.kafka.common.metrics.JmxReporter
&amp#27;[2m2024-06-27T15:56:36.279+02:00&amp#27;[0;39m &amp#27;[32m INFO&amp#27;[0;39m &amp#27;[35m36935&amp#27;[0;39m &amp#27;[2m---&amp#27;[0;39m &amp#27;[2m[FreelancePlatform] [| adminclient-8]&amp#27;[0;39m &amp#27;[2m&amp#27;[0;39m&amp#27;[36mo.apache.kafka.common.metrics.Metrics   &amp#27;[0;39m &amp#27;[2m:&amp#27;[0;39m Metrics reporters closed
&amp#27;[2m2024-06-27T15:56:36.281+02:00&amp#27;[0;39m &amp#27;[32m INFO&amp#27;[0;39m &amp#27;[35m36935&amp#27;[0;39m &amp#27;[2m---&amp#27;[0;39m &amp#27;[2m[FreelancePlatform] [           main]&amp#27;[0;39m &amp#27;[2m&amp#27;[0;39m&amp#27;[36mf.services.ProposalServiceTest          &amp#27;[0;39m &amp#27;[2m:&amp#27;[0;39m Started ProposalServiceTest in 2.876 seconds (process running for 48.069)
&amp#27;[2m2024-06-27T15:56:36.286+02:00&amp#27;[0;39m &amp#27;[32m INFO&amp#27;[0;39m &amp#27;[35m36935&amp#27;[0;39m &amp#27;[2m---&amp#27;[0;39m &amp#27;[2m[FreelancePlatform] [           main]&amp#27;[0;39m &amp#27;[2m&amp#27;[0;39m&amp#27;[36mf.services.ProposalService              &amp#27;[0;39m &amp#27;[2m:&amp#27;[0;39m Deleting proposal with id 999
Hibernate: select p1_0.id,p1_0.freelancer_id,f1_0.id,f1_0.email,f1_0.first_name,f1_0.last_name,f1_0.password,f1_0.rating,f1_0.role,f1_0.username,p1_0.task_id,t1_0.id,t1_0.assigned_date,t1_0.customer_id,c1_0.id,c1_0.email,c1_0.first_name,c1_0.last_name,c1_0.password,c1_0.rating,c1_0.role,c1_0.username,t1_0.deadline,f2_0.id,f2_0.email,f2_0.first_name,f2_0.last_name,f2_0.password,f2_0.rating,f2_0.role,f2_0.username,t1_0.payment,t1_0.posted_date,t1_0.problem,s1_0.id,s1_0.description,s1_0.link,t1_0.status,t1_0.submitted_date,t1_0.title,t1_0.type from proposal p1_0 join users f1_0 on f1_0.id=p1_0.freelancer_id join task t1_0 on t1_0.id=p1_0.task_id left join users c1_0 on c1_0.id=t1_0.customer_id left join users f2_0 on f2_0.id=t1_0.freelancer_id left join solution s1_0 on s1_0.id=t1_0.solution_id where p1_0.id=?
&amp#27;[2m2024-06-27T15:56:36.290+02:00&amp#27;[0;39m &amp#27;[32m INFO&amp#27;[0;39m &amp#27;[35m36935&amp#27;[0;39m &amp#27;[2m---&amp#27;[0;39m &amp#27;[2m[FreelancePlatform] [           main]&amp#27;[0;39m &amp#27;[2m&amp#27;[0;39m&amp#27;[36mc.h.i.p.impl.PartitionStateManager      &amp#27;[0;39m &amp#27;[2m:&amp#27;[0;39m [192.168.68.1]:5701 [dev] [5.3.6] Initializing cluster partition table arrangement...
]]></system-out>
  </testcase>
  <testcase name="testSaveProposal" classname="freelanceplatform.services.ProposalServiceTest" time="0.013">
    <system-out><![CDATA[Hibernate: select u1_0.id,u1_0.email,u1_0.first_name,u1_0.last_name,u1_0.password,u1_0.rating,u1_0.role,u1_0.username from users u1_0 where u1_0.id=?
Hibernate: select t1_0.id,t1_0.assigned_date,t1_0.customer_id,c1_0.id,c1_0.email,c1_0.first_name,c1_0.last_name,c1_0.password,c1_0.rating,c1_0.role,c1_0.username,t1_0.deadline,f1_0.id,f1_0.email,f1_0.first_name,f1_0.last_name,f1_0.password,f1_0.rating,f1_0.role,f1_0.username,t1_0.payment,t1_0.posted_date,t1_0.problem,s1_0.id,s1_0.description,s1_0.link,t1_0.status,t1_0.submitted_date,t1_0.title,t1_0.type from task t1_0 join users c1_0 on c1_0.id=t1_0.customer_id left join users f1_0 on f1_0.id=t1_0.freelancer_id left join solution s1_0 on s1_0.id=t1_0.solution_id where t1_0.id=?
&amp#27;[2m2024-06-27T15:56:36.310+02:00&amp#27;[0;39m &amp#27;[32m INFO&amp#27;[0;39m &amp#27;[35m36935&amp#27;[0;39m &amp#27;[2m---&amp#27;[0;39m &amp#27;[2m[FreelancePlatform] [           main]&amp#27;[0;39m &amp#27;[2m&amp#27;[0;39m&amp#27;[36mf.services.ProposalService              &amp#27;[0;39m &amp#27;[2m:&amp#27;[0;39m Saving new proposal with id null
Hibernate: insert into proposal (freelancer_id,task_id) values (?,?)
&amp#27;[2m2024-06-27T15:56:36.319+02:00&amp#27;[0;39m &amp#27;[32m INFO&amp#27;[0;39m &amp#27;[35m36935&amp#27;[0;39m &amp#27;[2m---&amp#27;[0;39m &amp#27;[2m[FreelancePlatform] [           main]&amp#27;[0;39m &amp#27;[2m&amp#27;[0;39m&amp#27;[36mo.h.c.spi.AbstractPersistentCollection  &amp#27;[0;39m &amp#27;[2m:&amp#27;[0;39m HHH000496: Detaching an uninitialized collection with queued operations from a session: [freelanceplatform.model.User.proposals#1]
]]></system-out>
  </testcase>
  <testcase name="testFindById" classname="freelanceplatform.services.ProposalServiceTest" time="0.011">
    <system-out><![CDATA[&amp#27;[2m2024-06-27T15:56:36.321+02:00&amp#27;[0;39m &amp#27;[32m INFO&amp#27;[0;39m &amp#27;[35m36935&amp#27;[0;39m &amp#27;[2m---&amp#27;[0;39m &amp#27;[2m[FreelancePlatform] [           main]&amp#27;[0;39m &amp#27;[2m&amp#27;[0;39m&amp#27;[36mf.services.ProposalService              &amp#27;[0;39m &amp#27;[2m:&amp#27;[0;39m Finding proposal by id 1
Hibernate: select p1_0.id,p1_0.freelancer_id,f1_0.id,f1_0.email,f1_0.first_name,f1_0.last_name,f1_0.password,f1_0.rating,f1_0.role,f1_0.username,p1_0.task_id,t1_0.id,t1_0.assigned_date,t1_0.customer_id,c1_0.id,c1_0.email,c1_0.first_name,c1_0.last_name,c1_0.password,c1_0.rating,c1_0.role,c1_0.username,t1_0.deadline,f2_0.id,f2_0.email,f2_0.first_name,f2_0.last_name,f2_0.password,f2_0.rating,f2_0.role,f2_0.username,t1_0.payment,t1_0.posted_date,t1_0.problem,s1_0.id,s1_0.description,s1_0.link,t1_0.status,t1_0.submitted_date,t1_0.title,t1_0.type from proposal p1_0 join users f1_0 on f1_0.id=p1_0.freelancer_id join task t1_0 on t1_0.id=p1_0.task_id left join users c1_0 on c1_0.id=t1_0.customer_id left join users f2_0 on f2_0.id=t1_0.freelancer_id left join solution s1_0 on s1_0.id=t1_0.solution_id where p1_0.id=?
]]></system-out>
  </testcase>
  <testcase name="testFindByIdNotFound" classname="freelanceplatform.services.ProposalServiceTest" time="0.009">
    <system-out><![CDATA[&amp#27;[2m2024-06-27T15:56:36.333+02:00&amp#27;[0;39m &amp#27;[32m INFO&amp#27;[0;39m &amp#27;[35m36935&amp#27;[0;39m &amp#27;[2m---&amp#27;[0;39m &amp#27;[2m[FreelancePlatform] [           main]&amp#27;[0;39m &amp#27;[2m&amp#27;[0;39m&amp#27;[36mf.services.ProposalService              &amp#27;[0;39m &amp#27;[2m:&amp#27;[0;39m Finding proposal by id 999
Hibernate: select p1_0.id,p1_0.freelancer_id,f1_0.id,f1_0.email,f1_0.first_name,f1_0.last_name,f1_0.password,f1_0.rating,f1_0.role,f1_0.username,p1_0.task_id,t1_0.id,t1_0.assigned_date,t1_0.customer_id,c1_0.id,c1_0.email,c1_0.first_name,c1_0.last_name,c1_0.password,c1_0.rating,c1_0.role,c1_0.username,t1_0.deadline,f2_0.id,f2_0.email,f2_0.first_name,f2_0.last_name,f2_0.password,f2_0.rating,f2_0.role,f2_0.username,t1_0.payment,t1_0.posted_date,t1_0.problem,s1_0.id,s1_0.description,s1_0.link,t1_0.status,t1_0.submitted_date,t1_0.title,t1_0.type from proposal p1_0 join users f1_0 on f1_0.id=p1_0.freelancer_id join task t1_0 on t1_0.id=p1_0.task_id left join users c1_0 on c1_0.id=t1_0.customer_id left join users f2_0 on f2_0.id=t1_0.freelancer_id left join solution s1_0 on s1_0.id=t1_0.solution_id where p1_0.id=?
]]></system-out>
  </testcase>
  <testcase name="testDeleteById" classname="freelanceplatform.services.ProposalServiceTest" time="0.008">
    <system-out><![CDATA[&amp#27;[2m2024-06-27T15:56:36.343+02:00&amp#27;[0;39m &amp#27;[32m INFO&amp#27;[0;39m &amp#27;[35m36935&amp#27;[0;39m &amp#27;[2m---&amp#27;[0;39m &amp#27;[2m[FreelancePlatform] [           main]&amp#27;[0;39m &amp#27;[2m&amp#27;[0;39m&amp#27;[36mf.services.ProposalService              &amp#27;[0;39m &amp#27;[2m:&amp#27;[0;39m Deleting proposal with id 1
Hibernate: select p1_0.id,p1_0.freelancer_id,f1_0.id,f1_0.email,f1_0.first_name,f1_0.last_name,f1_0.password,f1_0.rating,f1_0.role,f1_0.username,p1_0.task_id,t1_0.id,t1_0.assigned_date,t1_0.customer_id,c1_0.id,c1_0.email,c1_0.first_name,c1_0.last_name,c1_0.password,c1_0.rating,c1_0.role,c1_0.username,t1_0.deadline,f2_0.id,f2_0.email,f2_0.first_name,f2_0.last_name,f2_0.password,f2_0.rating,f2_0.role,f2_0.username,t1_0.payment,t1_0.posted_date,t1_0.problem,s1_0.id,s1_0.description,s1_0.link,t1_0.status,t1_0.submitted_date,t1_0.title,t1_0.type from proposal p1_0 join users f1_0 on f1_0.id=p1_0.freelancer_id join task t1_0 on t1_0.id=p1_0.task_id left join users c1_0 on c1_0.id=t1_0.customer_id left join users f2_0 on f2_0.id=t1_0.freelancer_id left join solution s1_0 on s1_0.id=t1_0.solution_id where p1_0.id=?
]]></system-out>
  </testcase>
  <testcase name="testFindByFreelancer" classname="freelanceplatform.services.ProposalServiceTest" time="0.016">
    <system-out><![CDATA[Hibernate: select u1_0.id,u1_0.email,u1_0.first_name,u1_0.last_name,u1_0.password,u1_0.rating,u1_0.role,u1_0.username from users u1_0 where u1_0.id=?
&amp#27;[2m2024-06-27T15:56:36.354+02:00&amp#27;[0;39m &amp#27;[32m INFO&amp#27;[0;39m &amp#27;[35m36935&amp#27;[0;39m &amp#27;[2m---&amp#27;[0;39m &amp#27;[2m[FreelancePlatform] [           main]&amp#27;[0;39m &amp#27;[2m&amp#27;[0;39m&amp#27;[36mf.services.ProposalService              &amp#27;[0;39m &amp#27;[2m:&amp#27;[0;39m Finding proposals by freelancer michaelbrown
Hibernate: select p1_0.id,p1_0.freelancer_id,p1_0.task_id from proposal p1_0 where p1_0.freelancer_id=?
Hibernate: select t1_0.id,t1_0.assigned_date,t1_0.customer_id,c1_0.id,c1_0.email,c1_0.first_name,c1_0.last_name,c1_0.password,c1_0.rating,c1_0.role,c1_0.username,t1_0.deadline,f1_0.id,f1_0.email,f1_0.first_name,f1_0.last_name,f1_0.password,f1_0.rating,f1_0.role,f1_0.username,t1_0.payment,t1_0.posted_date,t1_0.problem,s1_0.id,s1_0.description,s1_0.link,t1_0.status,t1_0.submitted_date,t1_0.title,t1_0.type from task t1_0 join users c1_0 on c1_0.id=t1_0.customer_id left join users f1_0 on f1_0.id=t1_0.freelancer_id left join solution s1_0 on s1_0.id=t1_0.solution_id where t1_0.id=?
Hibernate: select t1_0.id,t1_0.assigned_date,t1_0.customer_id,c1_0.id,c1_0.email,c1_0.first_name,c1_0.last_name,c1_0.password,c1_0.rating,c1_0.role,c1_0.username,t1_0.deadline,f1_0.id,f1_0.email,f1_0.first_name,f1_0.last_name,f1_0.password,f1_0.rating,f1_0.role,f1_0.username,t1_0.payment,t1_0.posted_date,t1_0.problem,s1_0.id,s1_0.description,s1_0.link,t1_0.status,t1_0.submitted_date,t1_0.title,t1_0.type from task t1_0 join users c1_0 on c1_0.id=t1_0.customer_id left join users f1_0 on f1_0.id=t1_0.freelancer_id left join solution s1_0 on s1_0.id=t1_0.solution_id where t1_0.id=?
]]></system-out>
  </testcase>
</testsuite>