<?xml version="1.0" encoding="UTF-8"?>
<testsuite xmlns:xsi="http://www.w3.org/2001/XMLSchema-instance" xsi:noNamespaceSchemaLocation="https://maven.apache.org/surefire/maven-surefire-plugin/xsd/surefire-test-report-3.0.xsd" version="3.0" name="freelanceplatform.services.TaskServiceTest" time="3.4" tests="9" errors="0" skipped="0" failures="0">
  <properties>
[...]
</properties>
  <testcase name="deleteThrowsNotFoundExceptionIfTaskDoesNotExist" classname="freelanceplatform.services.TaskServiceTest" time="0.014">
    <system-out><![CDATA[&amp#27;[2m2024-06-27T15:56:25.272+02:00&amp#27;[0;39m &amp#27;[32m INFO&amp#27;[0;39m &amp#27;[35m36935&amp#27;[0;39m &amp#27;[2m---&amp#27;[0;39m &amp#27;[2m[FreelancePlatform] [           main]&amp#27;[0;39m &amp#27;[2m&amp#27;[0;39m&amp#27;[36mt.c.s.AnnotationConfigContextLoaderUtils&amp#27;[0;39m &amp#27;[2m:&amp#27;[0;39m Could not detect default configuration classes for test class [freelanceplatform.services.TaskServiceTest]: TaskServiceTest does not declare any static, non-private, non-final, nested classes annotated with @Configuration.
&amp#27;[2m2024-06-27T15:56:25.276+02:00&amp#27;[0;39m &amp#27;[32m INFO&amp#27;[0;39m &amp#27;[35m36935&amp#27;[0;39m &amp#27;[2m---&amp#27;[0;39m &amp#27;[2m[FreelancePlatform] [           main]&amp#27;[0;39m &amp#27;[2m&amp#27;[0;39m&amp#27;[36m.b.t.c.SpringBootTestContextBootstrapper&amp#27;[0;39m &amp#27;[2m:&amp#27;[0;39m Found @SpringBootConfiguration freelanceplatform.FreelancePlatformApplication for test class freelanceplatform.services.TaskServiceTest
&amp#27;[2m2024-06-27T15:56:25.277+02:00&amp#27;[0;39m &amp#27;[32m INFO&amp#27;[0;39m &amp#27;[35m36935&amp#27;[0;39m &amp#27;[2m---&amp#27;[0;39m &amp#27;[2m[FreelancePlatform] [           main]&amp#27;[0;39m &amp#27;[2m&amp#27;[0;39m&amp#27;[36mtc.postgres:16-alpine                   &amp#27;[0;39m &amp#27;[2m:&amp#27;[0;39m Creating container for image: postgres:16-alpine
&amp#27;[2m2024-06-27T15:56:25.323+02:00&amp#27;[0;39m &amp#27;[32m INFO&amp#27;[0;39m &amp#27;[35m36935&amp#27;[0;39m &amp#27;[2m---&amp#27;[0;39m &amp#27;[2m[FreelancePlatform] [           main]&amp#27;[0;39m &amp#27;[2m&amp#27;[0;39m&amp#27;[36mtc.postgres:16-alpine                   &amp#27;[0;39m &amp#27;[2m:&amp#27;[0;39m Container postgres:16-alpine is starting: 0c72209133ec6b1e04779a01e349e1525732e9e368e60c0c0616864085cd13e3
&amp#27;[2m2024-06-27T15:56:26.247+02:00&amp#27;[0;39m &amp#27;[32m INFO&amp#27;[0;39m &amp#27;[35m36935&amp#27;[0;39m &amp#27;[2m---&amp#27;[0;39m &amp#27;[2m[FreelancePlatform] [           main]&amp#27;[0;39m &amp#27;[2m&amp#27;[0;39m&amp#27;[36mtc.postgres:16-alpine                   &amp#27;[0;39m &amp#27;[2m:&amp#27;[0;39m Container postgres:16-alpine started in PT0.970333S
&amp#27;[2m2024-06-27T15:56:26.247+02:00&amp#27;[0;39m &amp#27;[32m INFO&amp#27;[0;39m &amp#27;[35m36935&amp#27;[0;39m &amp#27;[2m---&amp#27;[0;39m &amp#27;[2m[FreelancePlatform] [           main]&amp#27;[0;39m &amp#27;[2m&amp#27;[0;39m&amp#27;[36mtc.postgres:16-alpine                   &amp#27;[0;39m &amp#27;[2m:&amp#27;[0;39m Container is started (JDBC URL: jdbc:postgresql://localhost:59272/test?loggerLevel=OFF)
&amp#27;[2m2024-06-27T15:56:26.249+02:00&amp#27;[0;39m &amp#27;[32m INFO&amp#27;[0;39m &amp#27;[35m36935&amp#27;[0;39m &amp#27;[2m---&amp#27;[0;39m &amp#27;[2m[FreelancePlatform] [           main]&amp#27;[0;39m &amp#27;[2m&amp#27;[0;39m&amp#27;[36mo.s.b.d.r.RestartApplicationListener    &amp#27;[0;39m &amp#27;[2m:&amp#27;[0;39m Restart disabled due to context in which it is running

  .   ____          _            __ _ _
 /\\ / ___'_ __ _ _(_)_ __  __ _ \ \ \ \
( ( )\___ | '_ | '_| | '_ \/ _` | \ \ \ \
 \\/  ___)| |_)| | | | | || (_| |  ) ) ) )
  '  |____| .__|_| |_|_| |_\__, | / / / /
 =========|_|==============|___/=/_/_/_/
&amp#27;[32m :: Spring Boot :: &amp#27;[39m              &amp#27;[2m (v3.2.4)&amp#27;[0;39m

&amp#27;[2m2024-06-27T15:56:26.271+02:00&amp#27;[0;39m &amp#27;[32m INFO&amp#27;[0;39m &amp#27;[35m36935&amp#27;[0;39m &amp#27;[2m---&amp#27;[0;39m &amp#27;[2m[FreelancePlatform] [           main]&amp#27;[0;39m &amp#27;[2m&amp#27;[0;39m&amp#27;[36mf.services.TaskServiceTest              &amp#27;[0;39m &amp#27;[2m:&amp#27;[0;39m Starting TaskServiceTest using Java 22.0.1 with PID 36935 (started by stanislavkovalcuk in /Users/stanislavkovalcuk/test/FreelancePlatform)
&amp#27;[2m2024-06-27T15:56:26.271+02:00&amp#27;[0;39m &amp#27;[32m INFO&amp#27;[0;39m &amp#27;[35m36935&amp#27;[0;39m &amp#27;[2m---&amp#27;[0;39m &amp#27;[2m[FreelancePlatform] [           main]&amp#27;[0;39m &amp#27;[2m&amp#27;[0;39m&amp#27;[36mf.services.TaskServiceTest              &amp#27;[0;39m &amp#27;[2m:&amp#27;[0;39m The following 1 profile is active: "services"
&amp#27;[2m2024-06-27T15:56:26.346+02:00&amp#27;[0;39m &amp#27;[32m INFO&amp#27;[0;39m &amp#27;[35m36935&amp#27;[0;39m &amp#27;[2m---&amp#27;[0;39m &amp#27;[2m[FreelancePlatform] [           main]&amp#27;[0;39m &amp#27;[2m&amp#27;[0;39m&amp#27;[36m.s.d.r.c.RepositoryConfigurationDelegate&amp#27;[0;39m &amp#27;[2m:&amp#27;[0;39m Bootstrapping Spring Data JPA repositories in DEFAULT mode.
&amp#27;[2m2024-06-27T15:56:26.351+02:00&amp#27;[0;39m &amp#27;[32m INFO&amp#27;[0;39m &amp#27;[35m36935&amp#27;[0;39m &amp#27;[2m---&amp#27;[0;39m &amp#27;[2m[FreelancePlatform] [           main]&amp#27;[0;39m &amp#27;[2m&amp#27;[0;39m&amp#27;[36m.s.d.r.c.RepositoryConfigurationDelegate&amp#27;[0;39m &amp#27;[2m:&amp#27;[0;39m Finished Spring Data repository scanning in 4 ms. Found 6 JPA repository interfaces.
&amp#27;[2m2024-06-27T15:56:26.371+02:00&amp#27;[0;39m &amp#27;[32m INFO&amp#27;[0;39m &amp#27;[35m36935&amp#27;[0;39m &amp#27;[2m---&amp#27;[0;39m &amp#27;[2m[FreelancePlatform] [           main]&amp#27;[0;39m &amp#27;[2m&amp#27;[0;39m&amp#27;[36mc.h.i.config.AbstractConfigLocator      &amp#27;[0;39m &amp#27;[2m:&amp#27;[0;39m Loading 'hazelcast.yaml' from the classpath.
&amp#27;[2m2024-06-27T15:56:26.374+02:00&amp#27;[0;39m &amp#27;[32m INFO&amp#27;[0;39m &amp#27;[35m36935&amp#27;[0;39m &amp#27;[2m---&amp#27;[0;39m &amp#27;[2m[FreelancePlatform] [           main]&amp#27;[0;39m &amp#27;[2m&amp#27;[0;39m&amp#27;[36mcom.hazelcast.system.logo               &amp#27;[0;39m &amp#27;[2m:&amp#27;[0;39m [192.168.68.1]:5701 [dev] [5.3.6] 
	+       +  o    o     o     o---o o----o o      o---o     o     o----o o--o--o
	+ +   + +  |    |    / \       /  |      |     /         / \    |         |   
	+ + + + +  o----o   o   o     o   o----o |    o         o   o   o----o    |   
	+ +   + +  |    |  /     \   /    |      |     \       /     \       |    |   
	+       +  o    o o       o o---o o----o o----o o---o o       o o----o    o   
&amp#27;[2m2024-06-27T15:56:26.374+02:00&amp#27;[0;39m &amp#27;[32m INFO&amp#27;[0;39m &amp#27;[35m36935&amp#27;[0;39m &amp#27;[2m---&amp#27;[0;39m &amp#27;[2m[FreelancePlatform] [           main]&amp#27;[0;39m &amp#27;[2m&amp#27;[0;39m&amp#27;[36mcom.hazelcast.system                    &amp#27;[0;39m &amp#27;[2m:&amp#27;[0;39m [192.168.68.1]:5701 [dev] [5.3.6] Copyright (c) 2008-2023, Hazelcast, Inc. All Rights Reserved.
&amp#27;[2m2024-06-27T15:56:26.374+02:00&amp#27;[0;39m &amp#27;[32m INFO&amp#27;[0;39m &amp#27;[35m36935&amp#27;[0;39m &amp#27;[2m---&amp#27;[0;39m &amp#27;[2m[FreelancePlatform] [           main]&amp#27;[0;39m &amp#27;[2m&amp#27;[0;39m&amp#27;[36mcom.hazelcast.system                    &amp#27;[0;39m &amp#27;[2m:&amp#27;[0;39m [192.168.68.1]:5701 [dev] [5.3.6] Hazelcast Platform 5.3.6 (20231109 - 9903dc9) starting at [192.168.68.1]:5701
&amp#27;[2m2024-06-27T15:56:26.374+02:00&amp#27;[0;39m &amp#27;[32m INFO&amp#27;[0;39m &amp#27;[35m36935&amp#27;[0;39m &amp#27;[2m---&amp#27;[0;39m &amp#27;[2m[FreelancePlatform] [           main]&amp#27;[0;39m &amp#27;[2m&amp#27;[0;39m&amp#27;[36mcom.hazelcast.system                    &amp#27;[0;39m &amp#27;[2m:&amp#27;[0;39m [192.168.68.1]:5701 [dev] [5.3.6] Cluster name: dev
&amp#27;[2m2024-06-27T15:56:26.374+02:00&amp#27;[0;39m &amp#27;[32m INFO&amp#27;[0;39m &amp#27;[35m36935&amp#27;[0;39m &amp#27;[2m---&amp#27;[0;39m &amp#27;[2m[FreelancePlatform] [           main]&amp#27;[0;39m &amp#27;[2m&amp#27;[0;39m&amp#27;[36mcom.hazelcast.system                    &amp#27;[0;39m &amp#27;[2m:&amp#27;[0;39m [192.168.68.1]:5701 [dev] [5.3.6] Integrity Checker is disabled. Fail-fast on corrupted executables will not be performed. For more information, see the documentation for Integrity Checker.
&amp#27;[2m2024-06-27T15:56:26.374+02:00&amp#27;[0;39m &amp#27;[32m INFO&amp#27;[0;39m &amp#27;[35m36935&amp#27;[0;39m &amp#27;[2m---&amp#27;[0;39m &amp#27;[2m[FreelancePlatform] [           main]&amp#27;[0;39m &amp#27;[2m&amp#27;[0;39m&amp#27;[36mcom.hazelcast.system                    &amp#27;[0;39m &amp#27;[2m:&amp#27;[0;39m [192.168.68.1]:5701 [dev] [5.3.6] The Jet engine is disabled.
To enable the Jet engine on the members, do one of the following:
  - Change member config using Java API: config.getJetConfig().setEnabled(true)
  - Change XML/YAML configuration property: Set hazelcast.jet.enabled to true
  - Add system property: -Dhz.jet.enabled=true (for Hazelcast embedded, works only when loading config via Config.load)
  - Add environment variable: HZ_JET_ENABLED=true (recommended when running container image. For Hazelcast embedded, works only when loading config via Config.load)
&amp#27;[2m2024-06-27T15:56:26.375+02:00&amp#27;[0;39m &amp#27;[32m INFO&amp#27;[0;39m &amp#27;[35m36935&amp#27;[0;39m &amp#27;[2m---&amp#27;[0;39m &amp#27;[2m[FreelancePlatform] [           main]&amp#27;[0;39m &amp#27;[2m&amp#27;[0;39m&amp#27;[36mc.h.internal.tpc.TpcServerBootstrap     &amp#27;[0;39m &amp#27;[2m:&amp#27;[0;39m [192.168.68.1]:5701 [dev] [5.3.6] TPC: disabled
&amp#27;[2m2024-06-27T15:56:26.396+02:00&amp#27;[0;39m &amp#27;[32m INFO&amp#27;[0;39m &amp#27;[35m36935&amp#27;[0;39m &amp#27;[2m---&amp#27;[0;39m &amp#27;[2m[FreelancePlatform] [           main]&amp#27;[0;39m &amp#27;[2m&amp#27;[0;39m&amp#27;[36mcom.hazelcast.system.security           &amp#27;[0;39m &amp#27;[2m:&amp#27;[0;39m [192.168.68.1]:5701 [dev] [5.3.6] Enable DEBUG/FINE log level for log category com.hazelcast.system.security  or use -Dhazelcast.security.recommendations system property to see 🔒 security recommendations and the status of current config.
&amp#27;[2m2024-06-27T15:56:26.399+02:00&amp#27;[0;39m &amp#27;[32m INFO&amp#27;[0;39m &amp#27;[35m36935&amp#27;[0;39m &amp#27;[2m---&amp#27;[0;39m &amp#27;[2m[FreelancePlatform] [           main]&amp#27;[0;39m &amp#27;[2m&amp#27;[0;39m&amp#27;[36mcom.hazelcast.instance.impl.Node        &amp#27;[0;39m &amp#27;[2m:&amp#27;[0;39m [192.168.68.1]:5701 [dev] [5.3.6] Using Multicast discovery
&amp#27;[2m2024-06-27T15:56:26.399+02:00&amp#27;[0;39m &amp#27;[33m WARN&amp#27;[0;39m &amp#27;[35m36935&amp#27;[0;39m &amp#27;[2m---&amp#27;[0;39m &amp#27;[2m[FreelancePlatform] [           main]&amp#27;[0;39m &amp#27;[2m&amp#27;[0;39m&amp#27;[36mcom.hazelcast.cp.CPSubsystem            &amp#27;[0;39m &amp#27;[2m:&amp#27;[0;39m [192.168.68.1]:5701 [dev] [5.3.6] CP Subsystem is not enabled. CP data structures will operate in UNSAFE mode! Please note that UNSAFE mode will not provide strong consistency guarantees.
&amp#27;[2m2024-06-27T15:56:26.401+02:00&amp#27;[0;39m &amp#27;[32m INFO&amp#27;[0;39m &amp#27;[35m36935&amp#27;[0;39m &amp#27;[2m---&amp#27;[0;39m &amp#27;[2m[FreelancePlatform] [           main]&amp#27;[0;39m &amp#27;[2m&amp#27;[0;39m&amp#27;[36mc.h.internal.diagnostics.Diagnostics    &amp#27;[0;39m &amp#27;[2m:&amp#27;[0;39m [192.168.68.1]:5701 [dev] [5.3.6] Diagnostics disabled. To enable add -Dhazelcast.diagnostics.enabled=true to the JVM arguments.
&amp#27;[2m2024-06-27T15:56:26.401+02:00&amp#27;[0;39m &amp#27;[32m INFO&amp#27;[0;39m &amp#27;[35m36935&amp#27;[0;39m &amp#27;[2m---&amp#27;[0;39m &amp#27;[2m[FreelancePlatform] [           main]&amp#27;[0;39m &amp#27;[2m&amp#27;[0;39m&amp#27;[36mcom.hazelcast.core.LifecycleService     &amp#27;[0;39m &amp#27;[2m:&amp#27;[0;39m [192.168.68.1]:5701 [dev] [5.3.6] [192.168.68.1]:5701 is STARTING
&amp#27;[2m2024-06-27T15:56:28.068+02:00&amp#27;[0;39m &amp#27;[32m INFO&amp#27;[0;39m &amp#27;[35m36935&amp#27;[0;39m &amp#27;[2m---&amp#27;[0;39m &amp#27;[2m[FreelancePlatform] [           main]&amp#27;[0;39m &amp#27;[2m&amp#27;[0;39m&amp#27;[36mc.h.internal.cluster.ClusterService     &amp#27;[0;39m &amp#27;[2m:&amp#27;[0;39m [192.168.68.1]:5701 [dev] [5.3.6] 

Members {size:1, ver:1} [
	Member [192.168.68.1]:5701 - 3da63845-fdd4-44bf-882f-7e982d5c1637 this
]

&amp#27;[2m2024-06-27T15:56:28.069+02:00&amp#27;[0;39m &amp#27;[32m INFO&amp#27;[0;39m &amp#27;[35m36935&amp#27;[0;39m &amp#27;[2m---&amp#27;[0;39m &amp#27;[2m[FreelancePlatform] [           main]&amp#27;[0;39m &amp#27;[2m&amp#27;[0;39m&amp#27;[36mcom.hazelcast.core.LifecycleService     &amp#27;[0;39m &amp#27;[2m:&amp#27;[0;39m [192.168.68.1]:5701 [dev] [5.3.6] [192.168.68.1]:5701 is STARTED
&amp#27;[2m2024-06-27T15:56:28.108+02:00&amp#27;[0;39m &amp#27;[32m INFO&amp#27;[0;39m &amp#27;[35m36935&amp#27;[0;39m &amp#27;[2m---&amp#27;[0;39m &amp#27;[2m[FreelancePlatform] [           main]&amp#27;[0;39m &amp#27;[2m&amp#27;[0;39m&amp#27;[36mo.hibernate.jpa.internal.util.LogHelper &amp#27;[0;39m &amp#27;[2m:&amp#27;[0;39m HHH000204: Processing PersistenceUnitInfo [name: default]
&amp#27;[2m2024-06-27T15:56:28.110+02:00&amp#27;[0;39m &amp#27;[32m INFO&amp#27;[0;39m &amp#27;[35m36935&amp#27;[0;39m &amp#27;[2m---&amp#27;[0;39m &amp#27;[2m[FreelancePlatform] [           main]&amp#27;[0;39m &amp#27;[2m&amp#27;[0;39m&amp#27;[36mo.h.c.internal.RegionFactoryInitiator   &amp#27;[0;39m &amp#27;[2m:&amp#27;[0;39m HHH000026: Second-level cache disabled
&amp#27;[2m2024-06-27T15:56:28.113+02:00&amp#27;[0;39m &amp#27;[32m INFO&amp#27;[0;39m &amp#27;[35m36935&amp#27;[0;39m &amp#27;[2m---&amp#27;[0;39m &amp#27;[2m[FreelancePlatform] [           main]&amp#27;[0;39m &amp#27;[2m&amp#27;[0;39m&amp#27;[36mo.s.o.j.p.SpringPersistenceUnitInfo     &amp#27;[0;39m &amp#27;[2m:&amp#27;[0;39m No LoadTimeWeaver setup: ignoring JPA class transformer
&amp#27;[2m2024-06-27T15:56:28.113+02:00&amp#27;[0;39m &amp#27;[32m INFO&amp#27;[0;39m &amp#27;[35m36935&amp#27;[0;39m &amp#27;[2m---&amp#27;[0;39m &amp#27;[2m[FreelancePlatform] [           main]&amp#27;[0;39m &amp#27;[2m&amp#27;[0;39m&amp#27;[36mcom.zaxxer.hikari.HikariDataSource      &amp#27;[0;39m &amp#27;[2m:&amp#27;[0;39m HikariPool-6 - Starting...
&amp#27;[2m2024-06-27T15:56:28.142+02:00&amp#27;[0;39m &amp#27;[32m INFO&amp#27;[0;39m &amp#27;[35m36935&amp#27;[0;39m &amp#27;[2m---&amp#27;[0;39m &amp#27;[2m[FreelancePlatform] [           main]&amp#27;[0;39m &amp#27;[2m&amp#27;[0;39m&amp#27;[36mcom.zaxxer.hikari.pool.HikariPool       &amp#27;[0;39m &amp#27;[2m:&amp#27;[0;39m HikariPool-6 - Added connection org.postgresql.jdbc.PgConnection@4b618a64
&amp#27;[2m2024-06-27T15:56:28.142+02:00&amp#27;[0;39m &amp#27;[32m INFO&amp#27;[0;39m &amp#27;[35m36935&amp#27;[0;39m &amp#27;[2m---&amp#27;[0;39m &amp#27;[2m[FreelancePlatform] [           main]&amp#27;[0;39m &amp#27;[2m&amp#27;[0;39m&amp#27;[36mcom.zaxxer.hikari.HikariDataSource      &amp#27;[0;39m &amp#27;[2m:&amp#27;[0;39m HikariPool-6 - Start completed.
&amp#27;[2m2024-06-27T15:56:28.186+02:00&amp#27;[0;39m &amp#27;[32m INFO&amp#27;[0;39m &amp#27;[35m36935&amp#27;[0;39m &amp#27;[2m---&amp#27;[0;39m &amp#27;[2m[FreelancePlatform] [           main]&amp#27;[0;39m &amp#27;[2m&amp#27;[0;39m&amp#27;[36mo.h.e.t.j.p.i.JtaPlatformInitiator      &amp#27;[0;39m &amp#27;[2m:&amp#27;[0;39m HHH000489: No JTA platform available (set 'hibernate.transaction.jta.platform' to enable JTA platform integration)
Hibernate: alter table if exists correction drop constraint if exists FKcnj2n1glwl9cl1f9xg5xi9lka
&amp#27;[2m2024-06-27T15:56:28.188+02:00&amp#27;[0;39m &amp#27;[33m WARN&amp#27;[0;39m &amp#27;[35m36935&amp#27;[0;39m &amp#27;[2m---&amp#27;[0;39m &amp#27;[2m[FreelancePlatform] [           main]&amp#27;[0;39m &amp#27;[2m&amp#27;[0;39m&amp#27;[36mo.h.engine.jdbc.spi.SqlExceptionHelper  &amp#27;[0;39m &amp#27;[2m:&amp#27;[0;39m SQL Warning Code: 0, SQLState: 00000
&amp#27;[2m2024-06-27T15:56:28.188+02:00&amp#27;[0;39m &amp#27;[33m WARN&amp#27;[0;39m &amp#27;[35m36935&amp#27;[0;39m &amp#27;[2m---&amp#27;[0;39m &amp#27;[2m[FreelancePlatform] [           main]&amp#27;[0;39m &amp#27;[2m&amp#27;[0;39m&amp#27;[36mo.h.engine.jdbc.spi.SqlExceptionHelper  &amp#27;[0;39m &amp#27;[2m:&amp#27;[0;39m relation "correction" does not exist, skipping
Hibernate: alter table if exists feedback drop constraint if exists FK32t6i77efvj4psrgessvmr48q
&amp#27;[2m2024-06-27T15:56:28.189+02:00&amp#27;[0;39m &amp#27;[33m WARN&amp#27;[0;39m &amp#27;[35m36935&amp#27;[0;39m &amp#27;[2m---&amp#27;[0;39m &amp#27;[2m[FreelancePlatform] [           main]&amp#27;[0;39m &amp#27;[2m&amp#27;[0;39m&amp#27;[36mo.h.engine.jdbc.spi.SqlExceptionHelper  &amp#27;[0;39m &amp#27;[2m:&amp#27;[0;39m SQL Warning Code: 0, SQLState: 00000
&amp#27;[2m2024-06-27T15:56:28.189+02:00&amp#27;[0;39m &amp#27;[33m WARN&amp#27;[0;39m &amp#27;[35m36935&amp#27;[0;39m &amp#27;[2m---&amp#27;[0;39m &amp#27;[2m[FreelancePlatform] [           main]&amp#27;[0;39m &amp#27;[2m&amp#27;[0;39m&amp#27;[36mo.h.engine.jdbc.spi.SqlExceptionHelper  &amp#27;[0;39m &amp#27;[2m:&amp#27;[0;39m relation "feedback" does not exist, skipping
Hibernate: alter table if exists feedback drop constraint if exists FK5gqo05uk3ugxee54qgh8v5u4p
&amp#27;[2m2024-06-27T15:56:28.190+02:00&amp#27;[0;39m &amp#27;[33m WARN&amp#27;[0;39m &amp#27;[35m36935&amp#27;[0;39m &amp#27;[2m---&amp#27;[0;39m &amp#27;[2m[FreelancePlatform] [           main]&amp#27;[0;39m &amp#27;[2m&amp#27;[0;39m&amp#27;[36mo.h.engine.jdbc.spi.SqlExceptionHelper  &amp#27;[0;39m &amp#27;[2m:&amp#27;[0;39m SQL Warning Code: 0, SQLState: 00000
&amp#27;[2m2024-06-27T15:56:28.190+02:00&amp#27;[0;39m &amp#27;[33m WARN&amp#27;[0;39m &amp#27;[35m36935&amp#27;[0;39m &amp#27;[2m---&amp#27;[0;39m &amp#27;[2m[FreelancePlatform] [           main]&amp#27;[0;39m &amp#27;[2m&amp#27;[0;39m&amp#27;[36mo.h.engine.jdbc.spi.SqlExceptionHelper  &amp#27;[0;39m &amp#27;[2m:&amp#27;[0;39m relation "feedback" does not exist, skipping
Hibernate: alter table if exists proposal drop constraint if exists FKorex6ij6tv0251y4gxpfx45xm
&amp#27;[2m2024-06-27T15:56:28.192+02:00&amp#27;[0;39m &amp#27;[33m WARN&amp#27;[0;39m &amp#27;[35m36935&amp#27;[0;39m &amp#27;[2m---&amp#27;[0;39m &amp#27;[2m[FreelancePlatform] [           main]&amp#27;[0;39m &amp#27;[2m&amp#27;[0;39m&amp#27;[36mo.h.engine.jdbc.spi.SqlExceptionHelper  &amp#27;[0;39m &amp#27;[2m:&amp#27;[0;39m SQL Warning Code: 0, SQLState: 00000
&amp#27;[2m2024-06-27T15:56:28.192+02:00&amp#27;[0;39m &amp#27;[33m WARN&amp#27;[0;39m &amp#27;[35m36935&amp#27;[0;39m &amp#27;[2m---&amp#27;[0;39m &amp#27;[2m[FreelancePlatform] [           main]&amp#27;[0;39m &amp#27;[2m&amp#27;[0;39m&amp#27;[36mo.h.engine.jdbc.spi.SqlExceptionHelper  &amp#27;[0;39m &amp#27;[2m:&amp#27;[0;39m relation "proposal" does not exist, skipping
Hibernate: alter table if exists proposal drop constraint if exists FK3bo9f8sbkko0q4wyr2re740h7
&amp#27;[2m2024-06-27T15:56:28.193+02:00&amp#27;[0;39m &amp#27;[33m WARN&amp#27;[0;39m &amp#27;[35m36935&amp#27;[0;39m &amp#27;[2m---&amp#27;[0;39m &amp#27;[2m[FreelancePlatform] [           main]&amp#27;[0;39m &amp#27;[2m&amp#27;[0;39m&amp#27;[36mo.h.engine.jdbc.spi.SqlExceptionHelper  &amp#27;[0;39m &amp#27;[2m:&amp#27;[0;39m SQL Warning Code: 0, SQLState: 00000
&amp#27;[2m2024-06-27T15:56:28.193+02:00&amp#27;[0;39m &amp#27;[33m WARN&amp#27;[0;39m &amp#27;[35m36935&amp#27;[0;39m &amp#27;[2m---&amp#27;[0;39m &amp#27;[2m[FreelancePlatform] [           main]&amp#27;[0;39m &amp#27;[2m&amp#27;[0;39m&amp#27;[36mo.h.engine.jdbc.spi.SqlExceptionHelper  &amp#27;[0;39m &amp#27;[2m:&amp#27;[0;39m relation "proposal" does not exist, skipping
Hibernate: alter table if exists resume drop constraint if exists FKpv0whudowxosfu792veo6s2c0
&amp#27;[2m2024-06-27T15:56:28.194+02:00&amp#27;[0;39m &amp#27;[33m WARN&amp#27;[0;39m &amp#27;[35m36935&amp#27;[0;39m &amp#27;[2m---&amp#27;[0;39m &amp#27;[2m[FreelancePlatform] [           main]&amp#27;[0;39m &amp#27;[2m&amp#27;[0;39m&amp#27;[36mo.h.engine.jdbc.spi.SqlExceptionHelper  &amp#27;[0;39m &amp#27;[2m:&amp#27;[0;39m SQL Warning Code: 0, SQLState: 00000
&amp#27;[2m2024-06-27T15:56:28.194+02:00&amp#27;[0;39m &amp#27;[33m WARN&amp#27;[0;39m &amp#27;[35m36935&amp#27;[0;39m &amp#27;[2m---&amp#27;[0;39m &amp#27;[2m[FreelancePlatform] [           main]&amp#27;[0;39m &amp#27;[2m&amp#27;[0;39m&amp#27;[36mo.h.engine.jdbc.spi.SqlExceptionHelper  &amp#27;[0;39m &amp#27;[2m:&amp#27;[0;39m relation "resume" does not exist, skipping
Hibernate: alter table if exists task drop constraint if exists FKpq103ltjtoqtlturpmupfc20w
&amp#27;[2m2024-06-27T15:56:28.195+02:00&amp#27;[0;39m &amp#27;[33m WARN&amp#27;[0;39m &amp#27;[35m36935&amp#27;[0;39m &amp#27;[2m---&amp#27;[0;39m &amp#27;[2m[FreelancePlatform] [           main]&amp#27;[0;39m &amp#27;[2m&amp#27;[0;39m&amp#27;[36mo.h.engine.jdbc.spi.SqlExceptionHelper  &amp#27;[0;39m &amp#27;[2m:&amp#27;[0;39m SQL Warning Code: 0, SQLState: 00000
&amp#27;[2m2024-06-27T15:56:28.195+02:00&amp#27;[0;39m &amp#27;[33m WARN&amp#27;[0;39m &amp#27;[35m36935&amp#27;[0;39m &amp#27;[2m---&amp#27;[0;39m &amp#27;[2m[FreelancePlatform] [           main]&amp#27;[0;39m &amp#27;[2m&amp#27;[0;39m&amp#27;[36mo.h.engine.jdbc.spi.SqlExceptionHelper  &amp#27;[0;39m &amp#27;[2m:&amp#27;[0;39m relation "task" does not exist, skipping
Hibernate: alter table if exists task drop constraint if exists FKo85njb2hv78wglsr5guunqagn
&amp#27;[2m2024-06-27T15:56:28.195+02:00&amp#27;[0;39m &amp#27;[33m WARN&amp#27;[0;39m &amp#27;[35m36935&amp#27;[0;39m &amp#27;[2m---&amp#27;[0;39m &amp#27;[2m[FreelancePlatform] [           main]&amp#27;[0;39m &amp#27;[2m&amp#27;[0;39m&amp#27;[36mo.h.engine.jdbc.spi.SqlExceptionHelper  &amp#27;[0;39m &amp#27;[2m:&amp#27;[0;39m SQL Warning Code: 0, SQLState: 00000
&amp#27;[2m2024-06-27T15:56:28.195+02:00&amp#27;[0;39m &amp#27;[33m WARN&amp#27;[0;39m &amp#27;[35m36935&amp#27;[0;39m &amp#27;[2m---&amp#27;[0;39m &amp#27;[2m[FreelancePlatform] [           main]&amp#27;[0;39m &amp#27;[2m&amp#27;[0;39m&amp#27;[36mo.h.engine.jdbc.spi.SqlExceptionHelper  &amp#27;[0;39m &amp#27;[2m:&amp#27;[0;39m relation "task" does not exist, skipping
Hibernate: alter table if exists task drop constraint if exists FK19yldu7ingdreci8jnlg0qg4p
&amp#27;[2m2024-06-27T15:56:28.196+02:00&amp#27;[0;39m &amp#27;[33m WARN&amp#27;[0;39m &amp#27;[35m36935&amp#27;[0;39m &amp#27;[2m---&amp#27;[0;39m &amp#27;[2m[FreelancePlatform] [           main]&amp#27;[0;39m &amp#27;[2m&amp#27;[0;39m&amp#27;[36mo.h.engine.jdbc.spi.SqlExceptionHelper  &amp#27;[0;39m &amp#27;[2m:&amp#27;[0;39m SQL Warning Code: 0, SQLState: 00000
&amp#27;[2m2024-06-27T15:56:28.196+02:00&amp#27;[0;39m &amp#27;[33m WARN&amp#27;[0;39m &amp#27;[35m36935&amp#27;[0;39m &amp#27;[2m---&amp#27;[0;39m &amp#27;[2m[FreelancePlatform] [           main]&amp#27;[0;39m &amp#27;[2m&amp#27;[0;39m&amp#27;[36mo.h.engine.jdbc.spi.SqlExceptionHelper  &amp#27;[0;39m &amp#27;[2m:&amp#27;[0;39m relation "task" does not exist, skipping
Hibernate: drop table if exists correction cascade
&amp#27;[2m2024-06-27T15:56:28.197+02:00&amp#27;[0;39m &amp#27;[33m WARN&amp#27;[0;39m &amp#27;[35m36935&amp#27;[0;39m &amp#27;[2m---&amp#27;[0;39m &amp#27;[2m[FreelancePlatform] [           main]&amp#27;[0;39m &amp#27;[2m&amp#27;[0;39m&amp#27;[36mo.h.engine.jdbc.spi.SqlExceptionHelper  &amp#27;[0;39m &amp#27;[2m:&amp#27;[0;39m SQL Warning Code: 0, SQLState: 00000
&amp#27;[2m2024-06-27T15:56:28.197+02:00&amp#27;[0;39m &amp#27;[33m WARN&amp#27;[0;39m &amp#27;[35m36935&amp#27;[0;39m &amp#27;[2m---&amp#27;[0;39m &amp#27;[2m[FreelancePlatform] [           main]&amp#27;[0;39m &amp#27;[2m&amp#27;[0;39m&amp#27;[36mo.h.engine.jdbc.spi.SqlExceptionHelper  &amp#27;[0;39m &amp#27;[2m:&amp#27;[0;39m table "correction" does not exist, skipping
Hibernate: drop table if exists feedback cascade
&amp#27;[2m2024-06-27T15:56:28.198+02:00&amp#27;[0;39m &amp#27;[33m WARN&amp#27;[0;39m &amp#27;[35m36935&amp#27;[0;39m &amp#27;[2m---&amp#27;[0;39m &amp#27;[2m[FreelancePlatform] [           main]&amp#27;[0;39m &amp#27;[2m&amp#27;[0;39m&amp#27;[36mo.h.engine.jdbc.spi.SqlExceptionHelper  &amp#27;[0;39m &amp#27;[2m:&amp#27;[0;39m SQL Warning Code: 0, SQLState: 00000
&amp#27;[2m2024-06-27T15:56:28.198+02:00&amp#27;[0;39m &amp#27;[33m WARN&amp#27;[0;39m &amp#27;[35m36935&amp#27;[0;39m &amp#27;[2m---&amp#27;[0;39m &amp#27;[2m[FreelancePlatform] [           main]&amp#27;[0;39m &amp#27;[2m&amp#27;[0;39m&amp#27;[36mo.h.engine.jdbc.spi.SqlExceptionHelper  &amp#27;[0;39m &amp#27;[2m:&amp#27;[0;39m table "feedback" does not exist, skipping
Hibernate: drop table if exists proposal cascade
&amp#27;[2m2024-06-27T15:56:28.199+02:00&amp#27;[0;39m &amp#27;[33m WARN&amp#27;[0;39m &amp#27;[35m36935&amp#27;[0;39m &amp#27;[2m---&amp#27;[0;39m &amp#27;[2m[FreelancePlatform] [           main]&amp#27;[0;39m &amp#27;[2m&amp#27;[0;39m&amp#27;[36mo.h.engine.jdbc.spi.SqlExceptionHelper  &amp#27;[0;39m &amp#27;[2m:&amp#27;[0;39m SQL Warning Code: 0, SQLState: 00000
&amp#27;[2m2024-06-27T15:56:28.199+02:00&amp#27;[0;39m &amp#27;[33m WARN&amp#27;[0;39m &amp#27;[35m36935&amp#27;[0;39m &amp#27;[2m---&amp#27;[0;39m &amp#27;[2m[FreelancePlatform] [           main]&amp#27;[0;39m &amp#27;[2m&amp#27;[0;39m&amp#27;[36mo.h.engine.jdbc.spi.SqlExceptionHelper  &amp#27;[0;39m &amp#27;[2m:&amp#27;[0;39m table "proposal" does not exist, skipping
Hibernate: drop table if exists resume cascade
&amp#27;[2m2024-06-27T15:56:28.199+02:00&amp#27;[0;39m &amp#27;[33m WARN&amp#27;[0;39m &amp#27;[35m36935&amp#27;[0;39m &amp#27;[2m---&amp#27;[0;39m &amp#27;[2m[FreelancePlatform] [           main]&amp#27;[0;39m &amp#27;[2m&amp#27;[0;39m&amp#27;[36mo.h.engine.jdbc.spi.SqlExceptionHelper  &amp#27;[0;39m &amp#27;[2m:&amp#27;[0;39m SQL Warning Code: 0, SQLState: 00000
&amp#27;[2m2024-06-27T15:56:28.199+02:00&amp#27;[0;39m &amp#27;[33m WARN&amp#27;[0;39m &amp#27;[35m36935&amp#27;[0;39m &amp#27;[2m---&amp#27;[0;39m &amp#27;[2m[FreelancePlatform] [           main]&amp#27;[0;39m &amp#27;[2m&amp#27;[0;39m&amp#27;[36mo.h.engine.jdbc.spi.SqlExceptionHelper  &amp#27;[0;39m &amp#27;[2m:&amp#27;[0;39m table "resume" does not exist, skipping
Hibernate: drop table if exists solution cascade
&amp#27;[2m2024-06-27T15:56:28.200+02:00&amp#27;[0;39m &amp#27;[33m WARN&amp#27;[0;39m &amp#27;[35m36935&amp#27;[0;39m &amp#27;[2m---&amp#27;[0;39m &amp#27;[2m[FreelancePlatform] [           main]&amp#27;[0;39m &amp#27;[2m&amp#27;[0;39m&amp#27;[36mo.h.engine.jdbc.spi.SqlExceptionHelper  &amp#27;[0;39m &amp#27;[2m:&amp#27;[0;39m SQL Warning Code: 0, SQLState: 00000
&amp#27;[2m2024-06-27T15:56:28.200+02:00&amp#27;[0;39m &amp#27;[33m WARN&amp#27;[0;39m &amp#27;[35m36935&amp#27;[0;39m &amp#27;[2m---&amp#27;[0;39m &amp#27;[2m[FreelancePlatform] [           main]&amp#27;[0;39m &amp#27;[2m&amp#27;[0;39m&amp#27;[36mo.h.engine.jdbc.spi.SqlExceptionHelper  &amp#27;[0;39m &amp#27;[2m:&amp#27;[0;39m table "solution" does not exist, skipping
Hibernate: drop table if exists task cascade
&amp#27;[2m2024-06-27T15:56:28.201+02:00&amp#27;[0;39m &amp#27;[33m WARN&amp#27;[0;39m &amp#27;[35m36935&amp#27;[0;39m &amp#27;[2m---&amp#27;[0;39m &amp#27;[2m[FreelancePlatform] [           main]&amp#27;[0;39m &amp#27;[2m&amp#27;[0;39m&amp#27;[36mo.h.engine.jdbc.spi.SqlExceptionHelper  &amp#27;[0;39m &amp#27;[2m:&amp#27;[0;39m SQL Warning Code: 0, SQLState: 00000
&amp#27;[2m2024-06-27T15:56:28.201+02:00&amp#27;[0;39m &amp#27;[33m WARN&amp#27;[0;39m &amp#27;[35m36935&amp#27;[0;39m &amp#27;[2m---&amp#27;[0;39m &amp#27;[2m[FreelancePlatform] [           main]&amp#27;[0;39m &amp#27;[2m&amp#27;[0;39m&amp#27;[36mo.h.engine.jdbc.spi.SqlExceptionHelper  &amp#27;[0;39m &amp#27;[2m:&amp#27;[0;39m table "task" does not exist, skipping
Hibernate: drop table if exists users cascade
&amp#27;[2m2024-06-27T15:56:28.202+02:00&amp#27;[0;39m &amp#27;[33m WARN&amp#27;[0;39m &amp#27;[35m36935&amp#27;[0;39m &amp#27;[2m---&amp#27;[0;39m &amp#27;[2m[FreelancePlatform] [           main]&amp#27;[0;39m &amp#27;[2m&amp#27;[0;39m&amp#27;[36mo.h.engine.jdbc.spi.SqlExceptionHelper  &amp#27;[0;39m &amp#27;[2m:&amp#27;[0;39m SQL Warning Code: 0, SQLState: 00000
&amp#27;[2m2024-06-27T15:56:28.202+02:00&amp#27;[0;39m &amp#27;[33m WARN&amp#27;[0;39m &amp#27;[35m36935&amp#27;[0;39m &amp#27;[2m---&amp#27;[0;39m &amp#27;[2m[FreelancePlatform] [           main]&amp#27;[0;39m &amp#27;[2m&amp#27;[0;39m&amp#27;[36mo.h.engine.jdbc.spi.SqlExceptionHelper  &amp#27;[0;39m &amp#27;[2m:&amp#27;[0;39m table "users" does not exist, skipping
Hibernate: create table correction (id serial not null, task_id integer not null, date timestamp(6) not null, content varchar(255) not null, primary key (id))
Hibernate: create table feedback (from_user_id integer, id serial not null, rating integer, to_user_id integer, comment varchar(255), primary key (id))
Hibernate: create table proposal (freelancer_id integer not null, id serial not null, task_id integer not null, primary key (id))
Hibernate: create table resume (id serial not null, user_id integer unique, filename varchar(255) not null, content bytea, primary key (id))
Hibernate: create table solution (id serial not null, description varchar(255), link varchar(255) not null, primary key (id))
Hibernate: create table task (customer_id integer not null, freelancer_id integer, id serial not null, payment float(53) not null, solution_id integer unique, assigned_date timestamp(6), deadline timestamp(6) not null, posted_date timestamp(6), submitted_date timestamp(6), problem varchar(255) not null, status varchar(255) not null check (status in ('UNASSIGNED','ASSIGNED','SUBMITTED','ACCEPTED')), title varchar(255) not null, type varchar(255) not null check (type in ('TranslationAndLanguageServices','DataEntryAndVirtualAssistance','ConsultingAndBusinessServices','CreativeAndArtisticServices','GraphicDesignAndMultimedia','EngineeringAndArchitecture','WritingAndContentCreation','ProgrammingAndDevelopment','GamingAndVrArDevelopment','TutoringAndEducation','SalesAndMarketing','DigitalMarketing')), primary key (id))
Hibernate: create table users (id serial not null, rating integer, email varchar(255) not null unique, first_name varchar(255) not null, last_name varchar(255) not null, password varchar(255) not null, role varchar(255) not null check (role in ('ADMIN','USER','GUEST')), username varchar(255) not null unique, primary key (id))
Hibernate: alter table if exists correction add constraint FKcnj2n1glwl9cl1f9xg5xi9lka foreign key (task_id) references task
Hibernate: alter table if exists feedback add constraint FK32t6i77efvj4psrgessvmr48q foreign key (to_user_id) references users
Hibernate: alter table if exists feedback add constraint FK5gqo05uk3ugxee54qgh8v5u4p foreign key (from_user_id) references users
Hibernate: alter table if exists proposal add constraint FKorex6ij6tv0251y4gxpfx45xm foreign key (freelancer_id) references users
Hibernate: alter table if exists proposal add constraint FK3bo9f8sbkko0q4wyr2re740h7 foreign key (task_id) references task
Hibernate: alter table if exists resume add constraint FKpv0whudowxosfu792veo6s2c0 foreign key (user_id) references users
Hibernate: alter table if exists task add constraint FKpq103ltjtoqtlturpmupfc20w foreign key (customer_id) references users
Hibernate: alter table if exists task add constraint FKo85njb2hv78wglsr5guunqagn foreign key (freelancer_id) references users
Hibernate: alter table if exists task add constraint FK19yldu7ingdreci8jnlg0qg4p foreign key (solution_id) references solution
&amp#27;[2m2024-06-27T15:56:28.232+02:00&amp#27;[0;39m &amp#27;[32m INFO&amp#27;[0;39m &amp#27;[35m36935&amp#27;[0;39m &amp#27;[2m---&amp#27;[0;39m &amp#27;[2m[FreelancePlatform] [           main]&amp#27;[0;39m &amp#27;[2m&amp#27;[0;39m&amp#27;[36mj.LocalContainerEntityManagerFactoryBean&amp#27;[0;39m &amp#27;[2m:&amp#27;[0;39m Initialized JPA EntityManagerFactory for persistence unit 'default'
&amp#27;[2m2024-06-27T15:56:28.304+02:00&amp#27;[0;39m &amp#27;[33m WARN&amp#27;[0;39m &amp#27;[35m36935&amp#27;[0;39m &amp#27;[2m---&amp#27;[0;39m &amp#27;[2m[FreelancePlatform] [           main]&amp#27;[0;39m &amp#27;[2m&amp#27;[0;39m&amp#27;[36mJpaBaseConfiguration$JpaWebConfiguration&amp#27;[0;39m &amp#27;[2m:&amp#27;[0;39m spring.jpa.open-in-view is enabled by default. Therefore, database queries may be performed during view rendering. Explicitly configure spring.jpa.open-in-view to disable this warning
&amp#27;[2m2024-06-27T15:56:28.332+02:00&amp#27;[0;39m &amp#27;[32m INFO&amp#27;[0;39m &amp#27;[35m36935&amp#27;[0;39m &amp#27;[2m---&amp#27;[0;39m &amp#27;[2m[FreelancePlatform] [           main]&amp#27;[0;39m &amp#27;[2m&amp#27;[0;39m&amp#27;[36mo.s.s.web.DefaultSecurityFilterChain    &amp#27;[0;39m &amp#27;[2m:&amp#27;[0;39m Will secure any request with [org.springframework.security.web.session.DisableEncodeUrlFilter@7b6013e7, org.springframework.security.web.context.request.async.WebAsyncManagerIntegrationFilter@3e7b836e, org.springframework.security.web.context.SecurityContextHolderFilter@602c9274, org.springframework.security.web.header.HeaderWriterFilter@3ddfd4d0, org.springframework.web.filter.CorsFilter@2d06e5cd, org.springframework.security.web.authentication.logout.LogoutFilter@584cb45f, org.springframework.security.web.authentication.UsernamePasswordAuthenticationFilter@2682a69a, org.springframework.security.web.authentication.www.BasicAuthenticationFilter@1bd107f3, org.springframework.security.web.savedrequest.RequestCacheAwareFilter@5e21e6db, org.springframework.security.web.servletapi.SecurityContextHolderAwareRequestFilter@1fcd0cea, org.springframework.security.web.authentication.AnonymousAuthenticationFilter@1e032081, org.springframework.security.web.access.ExceptionTranslationFilter@10814a9, org.springframework.security.web.access.intercept.AuthorizationFilter@7ed77134]
&amp#27;[2m2024-06-27T15:56:28.406+02:00&amp#27;[0;39m &amp#27;[32m INFO&amp#27;[0;39m &amp#27;[35m36935&amp#27;[0;39m &amp#27;[2m---&amp#27;[0;39m &amp#27;[2m[FreelancePlatform] [           main]&amp#27;[0;39m &amp#27;[2m&amp#27;[0;39m&amp#27;[36mo.s.b.t.m.w.SpringBootMockServletContext&amp#27;[0;39m &amp#27;[2m:&amp#27;[0;39m Initializing Spring TestDispatcherServlet ''
&amp#27;[2m2024-06-27T15:56:28.406+02:00&amp#27;[0;39m &amp#27;[32m INFO&amp#27;[0;39m &amp#27;[35m36935&amp#27;[0;39m &amp#27;[2m---&amp#27;[0;39m &amp#27;[2m[FreelancePlatform] [           main]&amp#27;[0;39m &amp#27;[2m&amp#27;[0;39m&amp#27;[36mo.s.t.web.servlet.TestDispatcherServlet &amp#27;[0;39m &amp#27;[2m:&amp#27;[0;39m Initializing Servlet ''
&amp#27;[2m2024-06-27T15:56:28.406+02:00&amp#27;[0;39m &amp#27;[32m INFO&amp#27;[0;39m &amp#27;[35m36935&amp#27;[0;39m &amp#27;[2m---&amp#27;[0;39m &amp#27;[2m[FreelancePlatform] [           main]&amp#27;[0;39m &amp#27;[2m&amp#27;[0;39m&amp#27;[36mo.s.t.web.servlet.TestDispatcherServlet &amp#27;[0;39m &amp#27;[2m:&amp#27;[0;39m Completed initialization in 0 ms
&amp#27;[2m2024-06-27T15:56:28.408+02:00&amp#27;[0;39m &amp#27;[32m INFO&amp#27;[0;39m &amp#27;[35m36935&amp#27;[0;39m &amp#27;[2m---&amp#27;[0;39m &amp#27;[2m[FreelancePlatform] [           main]&amp#27;[0;39m &amp#27;[2m&amp#27;[0;39m&amp#27;[36mo.a.k.clients.admin.AdminClientConfig   &amp#27;[0;39m &amp#27;[2m:&amp#27;[0;39m AdminClientConfig values: 
	auto.include.jmx.reporter = true
	bootstrap.servers = [localhost:9092]
	client.dns.lookup = use_all_dns_ips
	client.id = 
	connections.max.idle.ms = 300000
	default.api.timeout.ms = 60000
	metadata.max.age.ms = 300000
	metric.reporters = []
	metrics.num.samples = 2
	metrics.recording.level = INFO
	metrics.sample.window.ms = 30000
	receive.buffer.bytes = 65536
	reconnect.backoff.max.ms = 1000
	reconnect.backoff.ms = 50
	request.timeout.ms = 30000
	retries = 2147483647
	retry.backoff.ms = 100
	sasl.client.callback.handler.class = null
	sasl.jaas.config = null
	sasl.kerberos.kinit.cmd = /usr/bin/kinit
	sasl.kerberos.min.time.before.relogin = 60000
	sasl.kerberos.service.name = null
	sasl.kerberos.ticket.renew.jitter = 0.05
	sasl.kerberos.ticket.renew.window.factor = 0.8
	sasl.login.callback.handler.class = null
	sasl.login.class = null
	sasl.login.connect.timeout.ms = null
	sasl.login.read.timeout.ms = null
	sasl.login.refresh.buffer.seconds = 300
	sasl.login.refresh.min.period.seconds = 60
	sasl.login.refresh.window.factor = 0.8
	sasl.login.refresh.window.jitter = 0.05
	sasl.login.retry.backoff.max.ms = 10000
	sasl.login.retry.backoff.ms = 100
	sasl.mechanism = GSSAPI
	sasl.oauthbearer.clock.skew.seconds = 30
	sasl.oauthbearer.expected.audience = null
	sasl.oauthbearer.expected.issuer = null
	sasl.oauthbearer.jwks.endpoint.refresh.ms = 3600000
	sasl.oauthbearer.jwks.endpoint.retry.backoff.max.ms = 10000
	sasl.oauthbearer.jwks.endpoint.retry.backoff.ms = 100
	sasl.oauthbearer.jwks.endpoint.url = null
	sasl.oauthbearer.scope.claim.name = scope
	sasl.oauthbearer.sub.claim.name = sub
	sasl.oauthbearer.token.endpoint.url = null
	security.protocol = PLAINTEXT
	security.providers = null
	send.buffer.bytes = 131072
	socket.connection.setup.timeout.max.ms = 30000
	socket.connection.setup.timeout.ms = 10000
	ssl.cipher.suites = null
	ssl.enabled.protocols = [TLSv1.2, TLSv1.3]
	ssl.endpoint.identification.algorithm = https
	ssl.engine.factory.class = null
	ssl.key.password = null
	ssl.keymanager.algorithm = SunX509
	ssl.keystore.certificate.chain = null
	ssl.keystore.key = null
	ssl.keystore.location = null
	ssl.keystore.password = null
	ssl.keystore.type = JKS
	ssl.protocol = TLSv1.3
	ssl.provider = null
	ssl.secure.random.implementation = null
	ssl.trustmanager.algorithm = PKIX
	ssl.truststore.certificates = null
	ssl.truststore.location = null
	ssl.truststore.password = null
	ssl.truststore.type = JKS

&amp#27;[2m2024-06-27T15:56:28.409+02:00&amp#27;[0;39m &amp#27;[32m INFO&amp#27;[0;39m &amp#27;[35m36935&amp#27;[0;39m &amp#27;[2m---&amp#27;[0;39m &amp#27;[2m[FreelancePlatform] [           main]&amp#27;[0;39m &amp#27;[2m&amp#27;[0;39m&amp#27;[36mo.a.kafka.common.utils.AppInfoParser    &amp#27;[0;39m &amp#27;[2m:&amp#27;[0;39m Kafka version: 3.6.1
&amp#27;[2m2024-06-27T15:56:28.409+02:00&amp#27;[0;39m &amp#27;[32m INFO&amp#27;[0;39m &amp#27;[35m36935&amp#27;[0;39m &amp#27;[2m---&amp#27;[0;39m &amp#27;[2m[FreelancePlatform] [           main]&amp#27;[0;39m &amp#27;[2m&amp#27;[0;39m&amp#27;[36mo.a.kafka.common.utils.AppInfoParser    &amp#27;[0;39m &amp#27;[2m:&amp#27;[0;39m Kafka commitId: 5e3c2b738d253ff5
&amp#27;[2m2024-06-27T15:56:28.409+02:00&amp#27;[0;39m &amp#27;[32m INFO&amp#27;[0;39m &amp#27;[35m36935&amp#27;[0;39m &amp#27;[2m---&amp#27;[0;39m &amp#27;[2m[FreelancePlatform] [           main]&amp#27;[0;39m &amp#27;[2m&amp#27;[0;39m&amp#27;[36mo.a.kafka.common.utils.AppInfoParser    &amp#27;[0;39m &amp#27;[2m:&amp#27;[0;39m Kafka startTimeMs: 1719496588409
&amp#27;[2m2024-06-27T15:56:28.435+02:00&amp#27;[0;39m &amp#27;[32m INFO&amp#27;[0;39m &amp#27;[35m36935&amp#27;[0;39m &amp#27;[2m---&amp#27;[0;39m &amp#27;[2m[FreelancePlatform] [| adminclient-6]&amp#27;[0;39m &amp#27;[2m&amp#27;[0;39m&amp#27;[36mo.a.kafka.common.utils.AppInfoParser    &amp#27;[0;39m &amp#27;[2m:&amp#27;[0;39m App info kafka.admin.client for adminclient-6 unregistered
&amp#27;[2m2024-06-27T15:56:28.436+02:00&amp#27;[0;39m &amp#27;[32m INFO&amp#27;[0;39m &amp#27;[35m36935&amp#27;[0;39m &amp#27;[2m---&amp#27;[0;39m &amp#27;[2m[FreelancePlatform] [| adminclient-6]&amp#27;[0;39m &amp#27;[2m&amp#27;[0;39m&amp#27;[36mo.apache.kafka.common.metrics.Metrics   &amp#27;[0;39m &amp#27;[2m:&amp#27;[0;39m Metrics scheduler closed
&amp#27;[2m2024-06-27T15:56:28.436+02:00&amp#27;[0;39m &amp#27;[32m INFO&amp#27;[0;39m &amp#27;[35m36935&amp#27;[0;39m &amp#27;[2m---&amp#27;[0;39m &amp#27;[2m[FreelancePlatform] [| adminclient-6]&amp#27;[0;39m &amp#27;[2m&amp#27;[0;39m&amp#27;[36mo.apache.kafka.common.metrics.Metrics   &amp#27;[0;39m &amp#27;[2m:&amp#27;[0;39m Closing reporter org.apache.kafka.common.metrics.JmxReporter
&amp#27;[2m2024-06-27T15:56:28.436+02:00&amp#27;[0;39m &amp#27;[32m INFO&amp#27;[0;39m &amp#27;[35m36935&amp#27;[0;39m &amp#27;[2m---&amp#27;[0;39m &amp#27;[2m[FreelancePlatform] [| adminclient-6]&amp#27;[0;39m &amp#27;[2m&amp#27;[0;39m&amp#27;[36mo.apache.kafka.common.metrics.Metrics   &amp#27;[0;39m &amp#27;[2m:&amp#27;[0;39m Metrics reporters closed
&amp#27;[2m2024-06-27T15:56:28.437+02:00&amp#27;[0;39m &amp#27;[32m INFO&amp#27;[0;39m &amp#27;[35m36935&amp#27;[0;39m &amp#27;[2m---&amp#27;[0;39m &amp#27;[2m[FreelancePlatform] [           main]&amp#27;[0;39m &amp#27;[2m&amp#27;[0;39m&amp#27;[36mf.services.TaskServiceTest              &amp#27;[0;39m &amp#27;[2m:&amp#27;[0;39m Started TaskServiceTest in 2.188 seconds (process running for 40.225)
Hibernate: insert into users (email,first_name,last_name,password,rating,role,username) values (?,?,?,?,?,?,?)
Hibernate: insert into task (assigned_date,customer_id,deadline,freelancer_id,payment,posted_date,problem,solution_id,status,submitted_date,title,type) values (?,?,?,?,?,?,?,?,?,?,?,?)
Hibernate: insert into users (email,first_name,last_name,password,rating,role,username) values (?,?,?,?,?,?,?)
Hibernate: update task set assigned_date=?,customer_id=?,deadline=?,freelancer_id=?,payment=?,posted_date=?,problem=?,solution_id=?,status=?,submitted_date=?,title=?,type=? where id=?
Hibernate: select count(*) from task t1_0 where t1_0.id=?
]]></system-out>
  </testcase>
  <testcase name="updateThrowsValidationExceptionIfTaskStatusIsNotUnassigned" classname="freelanceplatform.services.TaskServiceTest" time="0.011">
    <system-out><![CDATA[Hibernate: insert into users (email,first_name,last_name,password,rating,role,username) values (?,?,?,?,?,?,?)
Hibernate: insert into task (assigned_date,customer_id,deadline,freelancer_id,payment,posted_date,problem,solution_id,status,submitted_date,title,type) values (?,?,?,?,?,?,?,?,?,?,?,?)
Hibernate: insert into users (email,first_name,last_name,password,rating,role,username) values (?,?,?,?,?,?,?)
Hibernate: update task set assigned_date=?,customer_id=?,deadline=?,freelancer_id=?,payment=?,posted_date=?,problem=?,solution_id=?,status=?,submitted_date=?,title=?,type=? where id=?
Hibernate: select count(*) from task t1_0 where t1_0.id=?
]]></system-out>
  </testcase>
  <testcase name="deleteRemovesTaskFromFreelancersTakenTasks" classname="freelanceplatform.services.TaskServiceTest" time="0.011">
    <system-out><![CDATA[Hibernate: insert into users (email,first_name,last_name,password,rating,role,username) values (?,?,?,?,?,?,?)
Hibernate: insert into task (assigned_date,customer_id,deadline,freelancer_id,payment,posted_date,problem,solution_id,status,submitted_date,title,type) values (?,?,?,?,?,?,?,?,?,?,?,?)
Hibernate: insert into users (email,first_name,last_name,password,rating,role,username) values (?,?,?,?,?,?,?)
Hibernate: update task set assigned_date=?,customer_id=?,deadline=?,freelancer_id=?,payment=?,posted_date=?,problem=?,solution_id=?,status=?,submitted_date=?,title=?,type=? where id=?
Hibernate: select count(*) from task t1_0 where t1_0.id=?
&amp#27;[2m2024-06-27T15:56:28.473+02:00&amp#27;[0;39m &amp#27;[32m INFO&amp#27;[0;39m &amp#27;[35m36935&amp#27;[0;39m &amp#27;[2m---&amp#27;[0;39m &amp#27;[2m[FreelancePlatform] [           main]&amp#27;[0;39m &amp#27;[2m&amp#27;[0;39m&amp#27;[36mc.h.i.p.impl.PartitionStateManager      &amp#27;[0;39m &amp#27;[2m:&amp#27;[0;39m [192.168.68.1]:5701 [dev] [5.3.6] Initializing cluster partition table arrangement...
]]></system-out>
  </testcase>
  <testcase name="removeFreelancerRemovesTaskFromFreelancersTakenTasks" classname="freelanceplatform.services.TaskServiceTest" time="0.005">
    <system-out><![CDATA[Hibernate: insert into users (email,first_name,last_name,password,rating,role,username) values (?,?,?,?,?,?,?)
Hibernate: insert into task (assigned_date,customer_id,deadline,freelancer_id,payment,posted_date,problem,solution_id,status,submitted_date,title,type) values (?,?,?,?,?,?,?,?,?,?,?,?)
Hibernate: insert into users (email,first_name,last_name,password,rating,role,username) values (?,?,?,?,?,?,?)
]]></system-out>
  </testcase>
  <testcase name="deleteRemovesTaskFromCustomersPostedTasks" classname="freelanceplatform.services.TaskServiceTest" time="0.008">
    <system-out><![CDATA[Hibernate: insert into users (email,first_name,last_name,password,rating,role,username) values (?,?,?,?,?,?,?)
Hibernate: insert into task (assigned_date,customer_id,deadline,freelancer_id,payment,posted_date,problem,solution_id,status,submitted_date,title,type) values (?,?,?,?,?,?,?,?,?,?,?,?)
Hibernate: insert into users (email,first_name,last_name,password,rating,role,username) values (?,?,?,?,?,?,?)
Hibernate: update task set assigned_date=?,customer_id=?,deadline=?,freelancer_id=?,payment=?,posted_date=?,problem=?,solution_id=?,status=?,submitted_date=?,title=?,type=? where id=?
Hibernate: select count(*) from task t1_0 where t1_0.id=?
]]></system-out>
  </testcase>
  <testcase name="testCaching" classname="freelanceplatform.services.TaskServiceTest" time="0.006">
    <system-out><![CDATA[Hibernate: insert into users (email,first_name,last_name,password,rating,role,username) values (?,?,?,?,?,?,?)
Hibernate: insert into task (assigned_date,customer_id,deadline,freelancer_id,payment,posted_date,problem,solution_id,status,submitted_date,title,type) values (?,?,?,?,?,?,?,?,?,?,?,?)
Hibernate: insert into users (email,first_name,last_name,password,rating,role,username) values (?,?,?,?,?,?,?)
&amp#27;[2m2024-06-27T15:56:28.495+02:00&amp#27;[0;39m &amp#27;[32m INFO&amp#27;[0;39m &amp#27;[35m36935&amp#27;[0;39m &amp#27;[2m---&amp#27;[0;39m &amp#27;[2m[FreelancePlatform] [           main]&amp#27;[0;39m &amp#27;[2m&amp#27;[0;39m&amp#27;[36mfreelanceplatform.services.TaskService  &amp#27;[0;39m &amp#27;[2m:&amp#27;[0;39m Get task by id 6.
]]></system-out>
  </testcase>
  <testcase name="getThrowsNotFoundExceptionIfIdIsWrong" classname="freelanceplatform.services.TaskServiceTest" time="0.008">
    <system-out><![CDATA[Hibernate: insert into users (email,first_name,last_name,password,rating,role,username) values (?,?,?,?,?,?,?)
Hibernate: insert into task (assigned_date,customer_id,deadline,freelancer_id,payment,posted_date,problem,solution_id,status,submitted_date,title,type) values (?,?,?,?,?,?,?,?,?,?,?,?)
Hibernate: insert into users (email,first_name,last_name,password,rating,role,username) values (?,?,?,?,?,?,?)
&amp#27;[2m2024-06-27T15:56:28.501+02:00&amp#27;[0;39m &amp#27;[32m INFO&amp#27;[0;39m &amp#27;[35m36935&amp#27;[0;39m &amp#27;[2m---&amp#27;[0;39m &amp#27;[2m[FreelancePlatform] [           main]&amp#27;[0;39m &amp#27;[2m&amp#27;[0;39m&amp#27;[36mfreelanceplatform.services.TaskService  &amp#27;[0;39m &amp#27;[2m:&amp#27;[0;39m Get task by id -1.
Hibernate: select t1_0.id,t1_0.assigned_date,t1_0.customer_id,c1_0.id,c1_0.email,c1_0.first_name,c1_0.last_name,c1_0.password,c1_0.rating,c1_0.role,c1_0.username,t1_0.deadline,f1_0.id,f1_0.email,f1_0.first_name,f1_0.last_name,f1_0.password,f1_0.rating,f1_0.role,f1_0.username,t1_0.payment,t1_0.posted_date,t1_0.problem,s1_0.id,s1_0.description,s1_0.link,t1_0.status,t1_0.submitted_date,t1_0.title,t1_0.type from task t1_0 join users c1_0 on c1_0.id=t1_0.customer_id left join users f1_0 on f1_0.id=t1_0.freelancer_id left join solution s1_0 on s1_0.id=t1_0.solution_id where t1_0.id=?
]]></system-out>
  </testcase>
  <testcase name="updateThrowsNotFoundExceptionIfTaskDoesNotExist" classname="freelanceplatform.services.TaskServiceTest" time="0.007">
    <system-out><![CDATA[Hibernate: insert into users (email,first_name,last_name,password,rating,role,username) values (?,?,?,?,?,?,?)
Hibernate: insert into task (assigned_date,customer_id,deadline,freelancer_id,payment,posted_date,problem,solution_id,status,submitted_date,title,type) values (?,?,?,?,?,?,?,?,?,?,?,?)
Hibernate: insert into users (email,first_name,last_name,password,rating,role,username) values (?,?,?,?,?,?,?)
Hibernate: update task set assigned_date=?,customer_id=?,deadline=?,freelancer_id=?,payment=?,posted_date=?,problem=?,solution_id=?,status=?,submitted_date=?,title=?,type=? where id=?
Hibernate: select count(*) from task t1_0 where t1_0.id=?
]]></system-out>
  </testcase>
  <testcase name="assignAddsTaskToFreelancersTakenTasks" classname="freelanceplatform.services.TaskServiceTest" time="0.006">
    <system-out><![CDATA[Hibernate: insert into users (email,first_name,last_name,password,rating,role,username) values (?,?,?,?,?,?,?)
Hibernate: insert into task (assigned_date,customer_id,deadline,freelancer_id,payment,posted_date,problem,solution_id,status,submitted_date,title,type) values (?,?,?,?,?,?,?,?,?,?,?,?)
Hibernate: insert into users (email,first_name,last_name,password,rating,role,username) values (?,?,?,?,?,?,?)
]]></system-out>
  </testcase>
</testsuite>